Boosting started: 2019-07-06 19:46:29 dataset=cod_rna weak_learner=tree model=robust_bound n_train=-1 n_trials_coord=100 eps=0.025 min_samples_split=10 min_samples_leaf=5 max_depth=4 lr=1.0
iter: 1  [test] err 12.11% adv_err_lb 23.87% adv_err_ub 24.06% | [valid] err 12.68% adv_err 24.21% | [train] err 12.94% adv_err 23.96% loss 0.79003 | [tree] depth 4->4 nodes 15->15 (38.89s)
iter: 2  [test] err 10.78% adv_err_lb 23.89% adv_err_ub 24.03% | [valid] err 11.53% adv_err 24.29% | [train] err 11.80% adv_err 23.96% loss 0.77150 | [tree] depth 4->4 nodes 15->13 (81.48s)
iter: 3  [test] err 9.77% adv_err_lb 23.21% adv_err_ub 23.23% | [valid] err 10.72% adv_err 23.57% | [train] err 10.88% adv_err 23.09% loss 0.76580 | [tree] depth 4->4 nodes 15->6 (134.44s)
iter: 4  [test] err 9.77% adv_err_lb 23.22% adv_err_ub 23.23% | [valid] err 10.72% adv_err 23.57% | [train] err 10.88% adv_err 23.09% loss 0.76430 | [tree] depth 4->1 nodes 15->1 (189.71s)
iter: 5  [test] err 9.39% adv_err_lb 22.98% adv_err_ub 23.18% | [valid] err 10.44% adv_err 23.54% | [train] err 10.57% adv_err 23.07% loss 0.75788 | [tree] depth 4->4 nodes 14->14 (266.35s)
iter: 6  [test] err 9.34% adv_err_lb 23.20% adv_err_ub 23.24% | [valid] err 10.33% adv_err 23.49% | [train] err 10.50% adv_err 22.99% loss 0.75682 | [tree] depth 4->1 nodes 15->1 (345.65s)
iter: 7  [test] err 8.62% adv_err_lb 23.24% adv_err_ub 23.36% | [valid] err 9.58% adv_err 23.50% | [train] err 9.76% adv_err 23.28% loss 0.75267 | [tree] depth 4->4 nodes 15->13 (439.04s)
iter: 8  [test] err 8.32% adv_err_lb 23.12% adv_err_ub 23.25% | [valid] err 9.38% adv_err 23.40% | [train] err 9.50% adv_err 23.15% loss 0.75124 | [tree] depth 4->4 nodes 15->6 (539.08s)
iter: 9  [test] err 8.46% adv_err_lb 22.95% adv_err_ub 23.23% | [valid] err 9.48% adv_err 23.41% | [train] err 9.62% adv_err 23.13% loss 0.75070 | [tree] depth 4->1 nodes 15->1 (639.16s)
iter: 10  [test] err 8.39% adv_err_lb 23.13% adv_err_ub 23.21% | [valid] err 9.46% adv_err 23.46% | [train] err 9.58% adv_err 23.11% loss 0.74954 | [tree] depth 4->4 nodes 10->10 (757.33s)
iter: 11  [test] err 8.36% adv_err_lb 23.01% adv_err_ub 23.24% | [valid] err 9.38% adv_err 23.44% | [train] err 9.53% adv_err 23.11% loss 0.74944 | [tree] depth 4->1 nodes 15->1 (884.08s)
iter: 12  [test] err 8.37% adv_err_lb 23.14% adv_err_ub 23.24% | [valid] err 9.38% adv_err 23.46% | [train] err 9.53% adv_err 23.12% loss 0.74937 | [tree] depth 4->1 nodes 15->1 (1009.24s)
iter: 13  [test] err 8.34% adv_err_lb 22.76% adv_err_ub 23.21% | [valid] err 9.33% adv_err 23.39% | [train] err 9.48% adv_err 22.99% loss 0.74431 | [tree] depth 4->4 nodes 15->9 (1146.39s)
iter: 14  [test] err 8.28% adv_err_lb 22.83% adv_err_ub 23.15% | [valid] err 9.31% adv_err 23.38% | [train] err 9.46% adv_err 22.97% loss 0.74426 | [tree] depth 4->1 nodes 15->1 (1288.08s)
iter: 15  [test] err 8.13% adv_err_lb 23.13% adv_err_ub 23.23% | [valid] err 9.24% adv_err 23.45% | [train] err 9.31% adv_err 22.92% loss 0.74301 | [tree] depth 4->4 nodes 12->12 (1446.36s)
iter: 16  [test] err 8.12% adv_err_lb 22.98% adv_err_ub 23.49% | [valid] err 9.20% adv_err 23.43% | [train] err 9.28% adv_err 23.10% loss 0.74124 | [tree] depth 4->4 nodes 15->9 (1614.01s)
iter: 17  [test] err 8.02% adv_err_lb 23.07% adv_err_ub 23.54% | [valid] err 9.09% adv_err 23.57% | [train] err 9.18% adv_err 23.15% loss 0.74004 | [tree] depth 4->4 nodes 15->9 (1790.52s)
iter: 18  [test] err 8.01% adv_err_lb 23.41% adv_err_ub 23.51% | [valid] err 9.10% adv_err 23.62% | [train] err 9.17% adv_err 23.14% loss 0.73955 | [tree] depth 4->4 nodes 12->6 (1976.31s)
iter: 19  [test] err 7.98% adv_err_lb 23.36% adv_err_ub 23.52% | [valid] err 9.12% adv_err 23.61% | [train] err 9.16% adv_err 23.08% loss 0.73938 | [tree] depth 4->4 nodes 11->5 (2162.43s)
iter: 20  [test] err 7.96% adv_err_lb 23.21% adv_err_ub 23.46% | [valid] err 9.07% adv_err 23.59% | [train] err 9.12% adv_err 23.03% loss 0.73910 | [tree] depth 4->2 nodes 15->2 (2341.29s)
iter: 21  [test] err 7.92% adv_err_lb 23.43% adv_err_ub 23.53% | [valid] err 9.05% adv_err 23.69% | [train] err 9.06% adv_err 23.03% loss 0.73856 | [tree] depth 4->4 nodes 11->11 (2528.80s)
iter: 22  [test] err 7.91% adv_err_lb 23.18% adv_err_ub 23.50% | [valid] err 9.06% adv_err 23.64% | [train] err 9.03% adv_err 23.00% loss 0.73851 | [tree] depth 4->1 nodes 15->1 (2724.92s)
iter: 23  [test] err 7.90% adv_err_lb 23.41% adv_err_ub 23.56% | [valid] err 9.03% adv_err 23.65% | [train] err 9.00% adv_err 23.03% loss 0.73847 | [tree] depth 4->3 nodes 11->3 (2920.63s)
iter: 24  [test] err 7.76% adv_err_lb 22.88% adv_err_ub 23.40% | [valid] err 8.94% adv_err 23.44% | [train] err 8.89% adv_err 22.92% loss 0.73749 | [tree] depth 4->4 nodes 14->14 (3129.74s)
iter: 25  [test] err 7.75% adv_err_lb 23.21% adv_err_ub 23.46% | [valid] err 8.94% adv_err 23.52% | [train] err 8.87% adv_err 22.91% loss 0.73706 | [tree] depth 4->4 nodes 8->6 (3354.74s)
iter: 26  [test] err 7.76% adv_err_lb 23.06% adv_err_ub 23.43% | [valid] err 8.96% adv_err 23.52% | [train] err 8.89% adv_err 22.92% loss 0.73704 | [tree] depth 4->1 nodes 15->1 (3582.76s)
iter: 27  [test] err 7.73% adv_err_lb 23.26% adv_err_ub 23.44% | [valid] err 8.89% adv_err 23.43% | [train] err 8.85% adv_err 22.86% loss 0.73666 | [tree] depth 4->4 nodes 12->7 (3814.73s)
iter: 28  [test] err 7.73% adv_err_lb 23.13% adv_err_ub 23.46% | [valid] err 8.91% adv_err 23.46% | [train] err 8.84% adv_err 22.86% loss 0.73618 | [tree] depth 4->4 nodes 12->10 (4054.74s)
iter: 29  [test] err 7.70% adv_err_lb 23.23% adv_err_ub 23.49% | [valid] err 8.86% adv_err 23.47% | [train] err 8.76% adv_err 22.85% loss 0.73547 | [tree] depth 4->4 nodes 15->10 (4310.27s)
iter: 30  [test] err 7.63% adv_err_lb 23.30% adv_err_ub 23.52% | [valid] err 8.85% adv_err 23.54% | [train] err 8.72% adv_err 22.86% loss 0.73518 | [tree] depth 4->4 nodes 14->9 (4576.53s)
iter: 31  [test] err 7.61% adv_err_lb 23.24% adv_err_ub 23.51% | [valid] err 8.84% adv_err 23.52% | [train] err 8.70% adv_err 22.85% loss 0.73492 | [tree] depth 4->4 nodes 12->12 (4861.94s)
iter: 32  [test] err 7.61% adv_err_lb 23.11% adv_err_ub 23.50% | [valid] err 8.84% adv_err 23.52% | [train] err 8.70% adv_err 22.85% loss 0.73492 | [tree] depth 4->1 nodes 14->1 (5147.80s)
iter: 33  [test] err 7.61% adv_err_lb 23.30% adv_err_ub 23.50% | [valid] err 8.84% adv_err 23.51% | [train] err 8.71% adv_err 22.85% loss 0.73479 | [tree] depth 4->4 nodes 14->5 (5436.12s)
iter: 34  [test] err 7.61% adv_err_lb 23.35% adv_err_ub 23.50% | [valid] err 8.84% adv_err 23.52% | [train] err 8.69% adv_err 22.86% loss 0.73478 | [tree] depth 4->2 nodes 15->2 (5731.21s)
iter: 35  [test] err 7.54% adv_err_lb 23.02% adv_err_ub 23.51% | [valid] err 8.73% adv_err 23.48% | [train] err 8.63% adv_err 22.82% loss 0.73439 | [tree] depth 4->4 nodes 15->9 (6036.63s)
iter: 36  [test] err 7.55% adv_err_lb 23.33% adv_err_ub 23.52% | [valid] err 8.75% adv_err 23.52% | [train] err 8.64% adv_err 22.85% loss 0.73439 | [tree] depth 4->1 nodes 14->1 (6346.65s)
iter: 37  [test] err 7.53% adv_err_lb 23.28% adv_err_ub 23.50% | [valid] err 8.72% adv_err 23.48% | [train] err 8.62% adv_err 22.84% loss 0.73402 | [tree] depth 4->4 nodes 12->12 (6670.87s)
iter: 38  [test] err 7.50% adv_err_lb 23.15% adv_err_ub 23.51% | [valid] err 8.69% adv_err 23.47% | [train] err 8.57% adv_err 22.89% loss 0.73373 | [tree] depth 4->4 nodes 15->15 (7010.38s)
iter: 39  [test] err 7.56% adv_err_lb 23.17% adv_err_ub 23.59% | [valid] err 8.74% adv_err 23.73% | [train] err 8.60% adv_err 22.92% loss 0.73315 | [tree] depth 4->4 nodes 15->13 (7362.39s)
iter: 40  [test] err 7.56% adv_err_lb 23.42% adv_err_ub 23.60% | [valid] err 8.76% adv_err 23.70% | [train] err 8.60% adv_err 22.91% loss 0.73303 | [tree] depth 4->4 nodes 12->12 (7735.19s)
iter: 41  [test] err 7.56% adv_err_lb 23.47% adv_err_ub 23.60% | [valid] err 8.76% adv_err 23.70% | [train] err 8.60% adv_err 22.91% loss 0.73302 | [tree] depth 4->2 nodes 15->2 (8115.30s)
iter: 42  [test] err 7.55% adv_err_lb 22.94% adv_err_ub 23.61% | [valid] err 8.79% adv_err 23.68% | [train] err 8.60% adv_err 22.92% loss 0.73298 | [tree] depth 4->4 nodes 10->8 (8501.50s)
iter: 43  [test] err 7.55% adv_err_lb 23.39% adv_err_ub 23.61% | [valid] err 8.79% adv_err 23.68% | [train] err 8.61% adv_err 22.92% loss 0.73297 | [tree] depth 4->1 nodes 15->1 (8891.54s)
iter: 44  [test] err 7.54% adv_err_lb 23.32% adv_err_ub 23.62% | [valid] err 8.79% adv_err 23.68% | [train] err 8.60% adv_err 22.92% loss 0.73232 | [tree] depth 4->4 nodes 14->8 (9287.26s)
iter: 45  [test] err 7.54% adv_err_lb 23.46% adv_err_ub 23.62% | [valid] err 8.78% adv_err 23.70% | [train] err 8.60% adv_err 22.92% loss 0.73229 | [tree] depth 4->4 nodes 13->7 (9701.93s)
iter: 46  [test] err 7.54% adv_err_lb 23.35% adv_err_ub 23.62% | [valid] err 8.78% adv_err 23.69% | [train] err 8.60% adv_err 22.93% loss 0.73222 | [tree] depth 4->4 nodes 7->7 (10125.30s)
iter: 47  [test] err 7.54% adv_err_lb 23.34% adv_err_ub 23.62% | [valid] err 8.79% adv_err 23.73% | [train] err 8.59% adv_err 22.92% loss 0.73218 | [tree] depth 4->4 nodes 11->9 (10567.36s)
iter: 48  [test] err 7.55% adv_err_lb 23.36% adv_err_ub 23.62% | [valid] err 8.80% adv_err 23.73% | [train] err 8.59% adv_err 22.92% loss 0.73203 | [tree] depth 4->4 nodes 13->11 (11018.75s)
iter: 49  [test] err 7.56% adv_err_lb 23.21% adv_err_ub 23.63% | [valid] err 8.79% adv_err 23.74% | [train] err 8.60% adv_err 22.93% loss 0.73185 | [tree] depth 4->4 nodes 14->14 (11378.62s)
iter: 50  [test] err 7.55% adv_err_lb 23.39% adv_err_ub 23.63% | [valid] err 8.79% adv_err 23.73% | [train] err 8.60% adv_err 22.92% loss 0.73175 | [tree] depth 4->4 nodes 13->11 (11719.75s)
(done in 195.33 min)
Model path: exps/2019-07-06 19:46:29 dataset=cod_rna weak_learner=tree model=robust_bound n_train=-1 n_trials_coord=100 eps=0.025 max_depth=4 lr=1.0.model.npy
Metrics path: exps/2019-07-06 19:46:29 dataset=cod_rna weak_learner=tree model=robust_bound n_train=-1 n_trials_coord=100 eps=0.025 max_depth=4 lr=1.0.metrics
