Boosting started: 2019-07-06 19:46:29 dataset=fmnist_sandal_sneaker weak_learner=tree model=robust_bound n_train=-1 n_trials_coord=100 eps=0.100 min_samples_split=10 min_samples_leaf=5 max_depth=4 lr=1.0
iter: 1  [test] err 11.60% adv_err_lb 15.15% adv_err_ub 15.20% | [valid] err 12.50% adv_err 17.00% | [train] err 12.09% adv_err 16.51% loss 0.64087 | [tree] depth 4->4 nodes 15->15 (63.84s)
iter: 2  [test] err 8.20% adv_err_lb 12.25% adv_err_ub 12.30% | [valid] err 9.08% adv_err 13.21% | [train] err 9.20% adv_err 13.32% loss 0.57309 | [tree] depth 4->4 nodes 11->11 (115.17s)
iter: 3  [test] err 7.00% adv_err_lb 11.55% adv_err_ub 11.70% | [valid] err 7.71% adv_err 12.54% | [train] err 7.28% adv_err 12.26% loss 0.54540 | [tree] depth 4->4 nodes 15->15 (169.65s)
iter: 4  [test] err 5.95% adv_err_lb 10.35% adv_err_ub 10.55% | [valid] err 7.37% adv_err 12.42% | [train] err 6.77% adv_err 11.60% loss 0.52446 | [tree] depth 4->4 nodes 10->10 (218.42s)
iter: 5  [test] err 5.95% adv_err_lb 10.40% adv_err_ub 10.55% | [valid] err 7.25% adv_err 12.33% | [train] err 6.39% adv_err 11.05% loss 0.50837 | [tree] depth 4->4 nodes 12->12 (272.55s)
iter: 6  [test] err 5.80% adv_err_lb 9.85% adv_err_ub 10.15% | [valid] err 6.96% adv_err 12.17% | [train] err 6.12% adv_err 10.86% loss 0.50076 | [tree] depth 4->4 nodes 10->10 (340.05s)
iter: 7  [test] err 5.40% adv_err_lb 10.45% adv_err_ub 10.85% | [valid] err 6.63% adv_err 11.75% | [train] err 5.42% adv_err 10.58% loss 0.48899 | [tree] depth 4->4 nodes 15->14 (417.86s)
iter: 8  [test] err 4.75% adv_err_lb 9.40% adv_err_ub 10.50% | [valid] err 5.92% adv_err 11.62% | [train] err 4.85% adv_err 10.32% loss 0.47846 | [tree] depth 4->4 nodes 14->14 (497.71s)
iter: 9  [test] err 4.70% adv_err_lb 10.10% adv_err_ub 10.65% | [valid] err 5.54% adv_err 11.71% | [train] err 4.76% adv_err 10.30% loss 0.47247 | [tree] depth 4->4 nodes 14->14 (574.94s)
iter: 10  [test] err 4.65% adv_err_lb 9.60% adv_err_ub 10.40% | [valid] err 5.54% adv_err 11.71% | [train] err 4.75% adv_err 10.25% loss 0.46873 | [tree] depth 4->4 nodes 8->8 (655.87s)
iter: 11  [test] err 3.80% adv_err_lb 9.10% adv_err_ub 9.80% | [valid] err 5.33% adv_err 11.62% | [train] err 4.28% adv_err 9.94% loss 0.46022 | [tree] depth 4->4 nodes 15->13 (743.53s)
iter: 12  [test] err 3.85% adv_err_lb 8.75% adv_err_ub 9.65% | [valid] err 5.50% adv_err 11.88% | [train] err 4.21% adv_err 9.83% loss 0.45707 | [tree] depth 4->4 nodes 11->11 (836.60s)
iter: 13  [test] err 3.95% adv_err_lb 9.05% adv_err_ub 9.70% | [valid] err 5.42% adv_err 11.71% | [train] err 4.11% adv_err 9.70% loss 0.45382 | [tree] depth 4->4 nodes 13->13 (934.12s)
iter: 14  [test] err 3.95% adv_err_lb 8.90% adv_err_ub 9.80% | [valid] err 5.33% adv_err 11.67% | [train] err 4.08% adv_err 9.62% loss 0.45126 | [tree] depth 4->4 nodes 7->7 (1036.61s)
iter: 15  [test] err 3.90% adv_err_lb 8.60% adv_err_ub 9.80% | [valid] err 5.17% adv_err 11.79% | [train] err 4.06% adv_err 9.53% loss 0.44844 | [tree] depth 4->4 nodes 8->8 (1141.90s)
iter: 16  [test] err 3.85% adv_err_lb 9.00% adv_err_ub 10.05% | [valid] err 5.29% adv_err 12.00% | [train] err 4.03% adv_err 9.45% loss 0.44441 | [tree] depth 4->4 nodes 15->15 (1258.24s)
iter: 17  [test] err 3.85% adv_err_lb 9.05% adv_err_ub 10.05% | [valid] err 5.37% adv_err 11.83% | [train] err 3.98% adv_err 9.40% loss 0.44198 | [tree] depth 4->4 nodes 15->15 (1375.53s)
iter: 18  [test] err 3.90% adv_err_lb 8.80% adv_err_ub 10.10% | [valid] err 5.42% adv_err 12.00% | [train] err 4.00% adv_err 9.34% loss 0.44143 | [tree] depth 4->4 nodes 12->6 (1498.96s)
iter: 19  [test] err 4.00% adv_err_lb 9.30% adv_err_ub 10.25% | [valid] err 5.50% adv_err 12.12% | [train] err 3.91% adv_err 9.35% loss 0.44043 | [tree] depth 4->4 nodes 14->8 (1624.49s)
iter: 20  [test] err 4.05% adv_err_lb 8.95% adv_err_ub 9.90% | [valid] err 5.42% adv_err 12.00% | [train] err 3.74% adv_err 9.21% loss 0.43367 | [tree] depth 4->4 nodes 14->14 (1752.07s)
iter: 21  [test] err 3.95% adv_err_lb 9.00% adv_err_ub 9.95% | [valid] err 5.37% adv_err 11.92% | [train] err 3.74% adv_err 9.15% loss 0.43213 | [tree] depth 4->4 nodes 15->15 (1888.21s)
iter: 22  [test] err 3.95% adv_err_lb 9.15% adv_err_ub 10.25% | [valid] err 5.42% adv_err 12.04% | [train] err 3.75% adv_err 9.20% loss 0.43002 | [tree] depth 4->4 nodes 13->13 (2029.14s)
iter: 23  [test] err 3.95% adv_err_lb 9.05% adv_err_ub 10.20% | [valid] err 5.25% adv_err 12.00% | [train] err 3.73% adv_err 9.16% loss 0.42849 | [tree] depth 4->4 nodes 15->15 (2179.78s)
iter: 24  [test] err 4.00% adv_err_lb 8.95% adv_err_ub 10.40% | [valid] err 5.33% adv_err 12.25% | [train] err 3.68% adv_err 9.08% loss 0.42006 | [tree] depth 4->4 nodes 15->15 (2348.87s)
iter: 25  [test] err 3.90% adv_err_lb 8.90% adv_err_ub 10.40% | [valid] err 5.25% adv_err 12.12% | [train] err 3.70% adv_err 8.99% loss 0.41884 | [tree] depth 4->4 nodes 14->8 (2521.89s)
iter: 26  [test] err 3.85% adv_err_lb 9.10% adv_err_ub 10.50% | [valid] err 5.33% adv_err 12.21% | [train] err 3.66% adv_err 8.91% loss 0.41614 | [tree] depth 4->4 nodes 15->15 (2703.04s)
iter: 27  [test] err 3.80% adv_err_lb 8.90% adv_err_ub 10.15% | [valid] err 5.33% adv_err 12.29% | [train] err 3.65% adv_err 8.94% loss 0.41594 | [tree] depth 4->1 nodes 15->1 (2888.53s)
iter: 28  [test] err 3.75% adv_err_lb 8.85% adv_err_ub 10.20% | [valid] err 5.46% adv_err 12.29% | [train] err 3.64% adv_err 8.90% loss 0.41370 | [tree] depth 4->4 nodes 9->9 (3073.06s)
iter: 29  [test] err 3.75% adv_err_lb 8.95% adv_err_ub 10.25% | [valid] err 5.50% adv_err 12.33% | [train] err 3.61% adv_err 8.88% loss 0.41279 | [tree] depth 4->4 nodes 8->8 (3266.14s)
iter: 30  [test] err 3.70% adv_err_lb 9.35% adv_err_ub 10.65% | [valid] err 5.42% adv_err 12.21% | [train] err 3.48% adv_err 8.85% loss 0.41107 | [tree] depth 4->4 nodes 11->11 (3459.21s)
iter: 31  [test] err 3.95% adv_err_lb 9.60% adv_err_ub 10.85% | [valid] err 5.50% adv_err 12.54% | [train] err 3.44% adv_err 8.83% loss 0.40891 | [tree] depth 4->4 nodes 14->12 (3662.15s)
iter: 32  [test] err 3.95% adv_err_lb 9.15% adv_err_ub 10.85% | [valid] err 5.54% adv_err 12.54% | [train] err 3.43% adv_err 8.78% loss 0.40739 | [tree] depth 4->4 nodes 12->12 (3871.25s)
iter: 33  [test] err 3.90% adv_err_lb 9.55% adv_err_ub 10.85% | [valid] err 5.46% adv_err 12.50% | [train] err 3.44% adv_err 8.73% loss 0.40671 | [tree] depth 4->4 nodes 12->6 (4081.88s)
iter: 34  [test] err 4.00% adv_err_lb 9.30% adv_err_ub 10.90% | [valid] err 5.50% adv_err 12.67% | [train] err 3.43% adv_err 8.68% loss 0.40396 | [tree] depth 4->4 nodes 15->13 (4297.38s)
iter: 35  [test] err 4.05% adv_err_lb 9.50% adv_err_ub 10.90% | [valid] err 5.50% adv_err 12.62% | [train] err 3.43% adv_err 8.67% loss 0.40317 | [tree] depth 4->4 nodes 15->15 (4522.86s)
iter: 36  [test] err 4.15% adv_err_lb 9.55% adv_err_ub 10.80% | [valid] err 5.46% adv_err 12.62% | [train] err 3.42% adv_err 8.66% loss 0.40234 | [tree] depth 4->4 nodes 14->14 (4751.44s)
iter: 37  [test] err 4.20% adv_err_lb 9.75% adv_err_ub 11.10% | [valid] err 5.54% adv_err 12.71% | [train] err 3.41% adv_err 8.64% loss 0.40034 | [tree] depth 4->4 nodes 15->15 (4982.27s)
iter: 38  [test] err 3.90% adv_err_lb 9.40% adv_err_ub 11.20% | [valid] err 5.25% adv_err 12.33% | [train] err 3.33% adv_err 8.47% loss 0.39656 | [tree] depth 4->4 nodes 15->15 (5223.48s)
iter: 39  [test] err 3.40% adv_err_lb 8.75% adv_err_ub 10.45% | [valid] err 5.00% adv_err 12.29% | [train] err 3.10% adv_err 8.24% loss 0.38947 | [tree] depth 4->4 nodes 15->13 (5471.58s)
iter: 40  [test] err 3.40% adv_err_lb 8.70% adv_err_ub 10.40% | [valid] err 5.00% adv_err 12.29% | [train] err 3.09% adv_err 8.21% loss 0.38941 | [tree] depth 4->1 nodes 15->1 (5715.75s)
iter: 41  [test] err 3.35% adv_err_lb 8.90% adv_err_ub 10.30% | [valid] err 5.00% adv_err 12.38% | [train] err 3.11% adv_err 8.18% loss 0.38903 | [tree] depth 4->4 nodes 12->10 (5972.76s)
iter: 42  [test] err 3.30% adv_err_lb 8.65% adv_err_ub 10.40% | [valid] err 5.04% adv_err 12.54% | [train] err 3.06% adv_err 8.23% loss 0.38873 | [tree] depth 4->4 nodes 14->12 (6233.96s)
iter: 43  [test] err 3.55% adv_err_lb 9.30% adv_err_ub 10.70% | [valid] err 4.92% adv_err 12.58% | [train] err 2.98% adv_err 8.28% loss 0.38647 | [tree] depth 4->4 nodes 14->5 (6493.84s)
iter: 44  [test] err 3.55% adv_err_lb 8.80% adv_err_ub 10.60% | [valid] err 4.96% adv_err 12.46% | [train] err 2.98% adv_err 8.28% loss 0.38440 | [tree] depth 4->4 nodes 8->8 (6759.54s)
iter: 45  [test] err 3.50% adv_err_lb 9.15% adv_err_ub 10.80% | [valid] err 5.00% adv_err 12.46% | [train] err 2.97% adv_err 8.26% loss 0.38266 | [tree] depth 4->4 nodes 14->10 (7019.50s)
iter: 46  [test] err 3.55% adv_err_lb 9.60% adv_err_ub 10.95% | [valid] err 4.83% adv_err 12.71% | [train] err 2.85% adv_err 8.12% loss 0.37917 | [tree] depth 4->4 nodes 14->14 (7290.44s)
iter: 47  [test] err 3.55% adv_err_lb 9.10% adv_err_ub 11.10% | [valid] err 4.92% adv_err 12.75% | [train] err 2.85% adv_err 8.14% loss 0.37851 | [tree] depth 4->4 nodes 9->9 (7564.09s)
iter: 48  [test] err 3.45% adv_err_lb 9.30% adv_err_ub 11.00% | [valid] err 4.96% adv_err 12.75% | [train] err 2.83% adv_err 8.15% loss 0.37810 | [tree] depth 4->4 nodes 15->15 (7845.57s)
iter: 49  [test] err 3.30% adv_err_lb 9.15% adv_err_ub 10.70% | [valid] err 4.87% adv_err 12.62% | [train] err 2.79% adv_err 8.04% loss 0.37488 | [tree] depth 4->4 nodes 14->12 (8133.75s)
iter: 50  [test] err 3.35% adv_err_lb 9.40% adv_err_ub 10.85% | [valid] err 4.92% adv_err 12.71% | [train] err 2.79% adv_err 8.04% loss 0.37440 | [tree] depth 4->4 nodes 13->13 (8445.55s)
(done in 140.76 min)
Model path: exps/2019-07-06 19:46:29 dataset=fmnist_sandal_sneaker weak_learner=tree model=robust_bound n_train=-1 n_trials_coord=100 eps=0.100 max_depth=4 lr=1.0.model.npy
Metrics path: exps/2019-07-06 19:46:29 dataset=fmnist_sandal_sneaker weak_learner=tree model=robust_bound n_train=-1 n_trials_coord=100 eps=0.100 max_depth=4 lr=1.0.metrics
