Boosting started: 2019-07-06 19:46:27 dataset=mnist_1_5 weak_learner=tree model=robust_bound n_train=-1 n_trials_coord=100 eps=0.300 min_samples_split=10 min_samples_leaf=5 max_depth=4 lr=1.0
iter: 1  [test] err 3.16% adv_err_lb 6.66% adv_err_ub 6.81% | [valid] err 4.11% adv_err 7.97% | [train] err 3.37% adv_err 6.86% loss 0.39317 | [tree] depth 4->4 nodes 11->11 (59.87s)
iter: 2  [test] err 1.92% adv_err_lb 4.79% adv_err_ub 5.08% | [valid] err 2.84% adv_err 5.84% | [train] err 2.07% adv_err 5.16% loss 0.30079 | [tree] depth 4->4 nodes 14->14 (121.08s)
iter: 3  [test] err 1.83% adv_err_lb 4.24% adv_err_ub 4.59% | [valid] err 2.34% adv_err 5.22% | [train] err 1.95% adv_err 4.66% loss 0.25457 | [tree] depth 4->4 nodes 13->13 (187.57s)
iter: 4  [test] err 1.23% adv_err_lb 3.85% adv_err_ub 4.00% | [valid] err 1.73% adv_err 4.27% | [train] err 1.19% adv_err 3.95% loss 0.20877 | [tree] depth 4->4 nodes 12->12 (257.24s)
iter: 5  [test] err 0.89% adv_err_lb 3.26% adv_err_ub 3.70% | [valid] err 0.90% adv_err 3.99% | [train] err 0.85% adv_err 3.35% loss 0.16139 | [tree] depth 4->4 nodes 12->12 (337.34s)
iter: 6  [test] err 0.79% adv_err_lb 2.76% adv_err_ub 3.45% | [valid] err 1.11% adv_err 4.11% | [train] err 0.72% adv_err 3.11% loss 0.14666 | [tree] depth 4->4 nodes 8->8 (419.65s)
iter: 7  [test] err 0.64% adv_err_lb 2.52% adv_err_ub 3.11% | [valid] err 0.78% adv_err 3.58% | [train] err 0.64% adv_err 2.72% loss 0.12779 | [tree] depth 4->4 nodes 12->12 (514.81s)
iter: 8  [test] err 0.64% adv_err_lb 2.17% adv_err_ub 2.81% | [valid] err 0.78% adv_err 3.12% | [train] err 0.54% adv_err 2.44% loss 0.11865 | [tree] depth 4->4 nodes 8->8 (607.53s)
iter: 9  [test] err 0.49% adv_err_lb 1.97% adv_err_ub 2.61% | [valid] err 0.66% adv_err 3.25% | [train] err 0.37% adv_err 2.18% loss 0.10192 | [tree] depth 4->4 nodes 14->14 (713.40s)
iter: 10  [test] err 0.54% adv_err_lb 1.92% adv_err_ub 2.66% | [valid] err 0.58% adv_err 2.92% | [train] err 0.32% adv_err 1.96% loss 0.09111 | [tree] depth 4->4 nodes 10->10 (820.26s)
iter: 11  [test] err 0.64% adv_err_lb 2.07% adv_err_ub 2.71% | [valid] err 0.62% adv_err 2.59% | [train] err 0.27% adv_err 1.85% loss 0.08672 | [tree] depth 4->4 nodes 9->9 (937.68s)
iter: 12  [test] err 0.54% adv_err_lb 1.97% adv_err_ub 2.61% | [valid] err 0.49% adv_err 2.55% | [train] err 0.26% adv_err 1.78% loss 0.08273 | [tree] depth 4->4 nodes 6->6 (1063.35s)
iter: 13  [test] err 0.54% adv_err_lb 1.97% adv_err_ub 2.66% | [valid] err 0.45% adv_err 2.59% | [train] err 0.25% adv_err 1.70% loss 0.07804 | [tree] depth 4->4 nodes 14->14 (1200.22s)
iter: 14  [test] err 0.49% adv_err_lb 1.87% adv_err_ub 2.42% | [valid] err 0.53% adv_err 2.30% | [train] err 0.24% adv_err 1.48% loss 0.07360 | [tree] depth 4->4 nodes 8->8 (1344.24s)
iter: 15  [test] err 0.30% adv_err_lb 1.78% adv_err_ub 2.52% | [valid] err 0.58% adv_err 2.42% | [train] err 0.16% adv_err 1.43% loss 0.06654 | [tree] depth 4->4 nodes 11->11 (1491.84s)
iter: 16  [test] err 0.35% adv_err_lb 1.87% adv_err_ub 2.71% | [valid] err 0.53% adv_err 2.51% | [train] err 0.13% adv_err 1.34% loss 0.05491 | [tree] depth 4->4 nodes 14->14 (1655.45s)
iter: 17  [test] err 0.35% adv_err_lb 1.58% adv_err_ub 2.27% | [valid] err 0.49% adv_err 2.55% | [train] err 0.08% adv_err 1.09% loss 0.04449 | [tree] depth 4->4 nodes 15->15 (1827.36s)
iter: 18  [test] err 0.35% adv_err_lb 1.38% adv_err_ub 2.07% | [valid] err 0.45% adv_err 2.34% | [train] err 0.10% adv_err 0.90% loss 0.03937 | [tree] depth 4->4 nodes 14->14 (2003.60s)
iter: 19  [test] err 0.30% adv_err_lb 1.48% adv_err_ub 2.02% | [valid] err 0.45% adv_err 2.26% | [train] err 0.08% adv_err 0.81% loss 0.03736 | [tree] depth 4->4 nodes 10->10 (2182.02s)
iter: 20  [test] err 0.39% adv_err_lb 1.58% adv_err_ub 2.12% | [valid] err 0.41% adv_err 2.30% | [train] err 0.09% adv_err 0.83% loss 0.03543 | [tree] depth 4->4 nodes 7->7 (2360.30s)
iter: 21  [test] err 0.35% adv_err_lb 1.33% adv_err_ub 1.92% | [valid] err 0.37% adv_err 2.42% | [train] err 0.08% adv_err 0.70% loss 0.03167 | [tree] depth 4->4 nodes 15->15 (2538.80s)
iter: 22  [test] err 0.35% adv_err_lb 1.58% adv_err_ub 2.12% | [valid] err 0.33% adv_err 2.38% | [train] err 0.06% adv_err 0.66% loss 0.02824 | [tree] depth 4->4 nodes 14->14 (2726.58s)
iter: 23  [test] err 0.39% adv_err_lb 1.58% adv_err_ub 2.12% | [valid] err 0.33% adv_err 2.38% | [train] err 0.06% adv_err 0.63% loss 0.02723 | [tree] depth 4->4 nodes 8->8 (2922.15s)
iter: 24  [test] err 0.35% adv_err_lb 1.63% adv_err_ub 2.12% | [valid] err 0.33% adv_err 2.42% | [train] err 0.05% adv_err 0.62% loss 0.02504 | [tree] depth 4->4 nodes 15->14 (3126.00s)
iter: 25  [test] err 0.30% adv_err_lb 1.38% adv_err_ub 2.12% | [valid] err 0.29% adv_err 2.42% | [train] err 0.03% adv_err 0.49% loss 0.02174 | [tree] depth 4->4 nodes 15->15 (3342.18s)
iter: 26  [test] err 0.30% adv_err_lb 1.38% adv_err_ub 2.12% | [valid] err 0.33% adv_err 2.42% | [train] err 0.03% adv_err 0.41% loss 0.01997 | [tree] depth 4->4 nodes 14->14 (3564.59s)
iter: 27  [test] err 0.30% adv_err_lb 1.38% adv_err_ub 2.07% | [valid] err 0.33% adv_err 2.55% | [train] err 0.01% adv_err 0.44% loss 0.01739 | [tree] depth 4->4 nodes 14->14 (3790.84s)
iter: 28  [test] err 0.25% adv_err_lb 1.18% adv_err_ub 2.02% | [valid] err 0.33% adv_err 2.55% | [train] err 0.00% adv_err 0.34% loss 0.01431 | [tree] depth 4->4 nodes 15->15 (4024.84s)
iter: 29  [test] err 0.25% adv_err_lb 1.23% adv_err_ub 1.92% | [valid] err 0.25% adv_err 2.34% | [train] err 0.00% adv_err 0.28% loss 0.01219 | [tree] depth 4->4 nodes 14->14 (4265.67s)
iter: 30  [test] err 0.25% adv_err_lb 1.13% adv_err_ub 1.87% | [valid] err 0.21% adv_err 2.42% | [train] err 0.00% adv_err 0.21% loss 0.01111 | [tree] depth 4->4 nodes 12->12 (4517.69s)
iter: 31  [test] err 0.25% adv_err_lb 1.04% adv_err_ub 1.92% | [valid] err 0.25% adv_err 2.38% | [train] err 0.00% adv_err 0.22% loss 0.00983 | [tree] depth 4->4 nodes 14->14 (4779.29s)
iter: 32  [test] err 0.20% adv_err_lb 1.09% adv_err_ub 1.87% | [valid] err 0.29% adv_err 2.55% | [train] err 0.00% adv_err 0.17% loss 0.00898 | [tree] depth 4->4 nodes 8->8 (5045.83s)
iter: 33  [test] err 0.15% adv_err_lb 1.04% adv_err_ub 1.97% | [valid] err 0.25% adv_err 2.51% | [train] err 0.00% adv_err 0.15% loss 0.00828 | [tree] depth 4->4 nodes 13->13 (5319.98s)
iter: 34  [test] err 0.15% adv_err_lb 1.04% adv_err_ub 1.97% | [valid] err 0.25% adv_err 2.63% | [train] err 0.00% adv_err 0.14% loss 0.00736 | [tree] depth 4->4 nodes 15->15 (5606.55s)
iter: 35  [test] err 0.15% adv_err_lb 0.99% adv_err_ub 1.97% | [valid] err 0.29% adv_err 2.55% | [train] err 0.00% adv_err 0.11% loss 0.00690 | [tree] depth 4->4 nodes 12->12 (5900.18s)
iter: 36  [test] err 0.15% adv_err_lb 1.04% adv_err_ub 1.92% | [valid] err 0.29% adv_err 2.55% | [train] err 0.00% adv_err 0.07% loss 0.00617 | [tree] depth 4->4 nodes 13->13 (6199.20s)
iter: 37  [test] err 0.15% adv_err_lb 0.99% adv_err_ub 1.97% | [valid] err 0.29% adv_err 2.55% | [train] err 0.00% adv_err 0.06% loss 0.00553 | [tree] depth 4->4 nodes 15->15 (6510.64s)
iter: 38  [test] err 0.15% adv_err_lb 1.13% adv_err_ub 1.97% | [valid] err 0.29% adv_err 2.67% | [train] err 0.00% adv_err 0.05% loss 0.00503 | [tree] depth 4->4 nodes 7->7 (6825.95s)
iter: 39  [test] err 0.10% adv_err_lb 1.09% adv_err_ub 2.02% | [valid] err 0.29% adv_err 2.59% | [train] err 0.00% adv_err 0.03% loss 0.00426 | [tree] depth 4->4 nodes 15->15 (7149.99s)
iter: 40  [test] err 0.10% adv_err_lb 1.09% adv_err_ub 1.87% | [valid] err 0.29% adv_err 2.55% | [train] err 0.00% adv_err 0.01% loss 0.00378 | [tree] depth 4->4 nodes 15->15 (7479.04s)
iter: 41  [test] err 0.10% adv_err_lb 1.09% adv_err_ub 1.87% | [valid] err 0.25% adv_err 2.67% | [train] err 0.00% adv_err 0.01% loss 0.00327 | [tree] depth 4->4 nodes 12->12 (7818.38s)
iter: 42  [test] err 0.10% adv_err_lb 0.99% adv_err_ub 1.87% | [valid] err 0.29% adv_err 2.67% | [train] err 0.00% adv_err 0.01% loss 0.00300 | [tree] depth 4->4 nodes 12->12 (8166.67s)
iter: 43  [test] err 0.10% adv_err_lb 0.99% adv_err_ub 1.87% | [valid] err 0.29% adv_err 2.79% | [train] err 0.00% adv_err 0.01% loss 0.00285 | [tree] depth 4->4 nodes 10->10 (8515.43s)
iter: 44  [test] err 0.15% adv_err_lb 0.89% adv_err_ub 1.83% | [valid] err 0.29% adv_err 2.79% | [train] err 0.00% adv_err 0.01% loss 0.00259 | [tree] depth 4->4 nodes 15->15 (8872.72s)
iter: 45  [test] err 0.15% adv_err_lb 0.74% adv_err_ub 1.63% | [valid] err 0.33% adv_err 2.67% | [train] err 0.00% adv_err 0.00% loss 0.00209 | [tree] depth 4->4 nodes 15->15 (9237.92s)
iter: 46  [test] err 0.15% adv_err_lb 0.84% adv_err_ub 1.73% | [valid] err 0.33% adv_err 2.75% | [train] err 0.00% adv_err 0.00% loss 0.00189 | [tree] depth 4->4 nodes 12->12 (9606.08s)
iter: 47  [test] err 0.15% adv_err_lb 0.84% adv_err_ub 1.73% | [valid] err 0.33% adv_err 2.71% | [train] err 0.00% adv_err 0.00% loss 0.00184 | [tree] depth 4->4 nodes 10->10 (9980.27s)
iter: 48  [test] err 0.15% adv_err_lb 0.84% adv_err_ub 1.78% | [valid] err 0.33% adv_err 2.59% | [train] err 0.00% adv_err 0.00% loss 0.00175 | [tree] depth 4->4 nodes 11->11 (10359.88s)
iter: 49  [test] err 0.15% adv_err_lb 0.94% adv_err_ub 1.92% | [valid] err 0.33% adv_err 2.47% | [train] err 0.00% adv_err 0.00% loss 0.00158 | [tree] depth 4->4 nodes 15->15 (10751.21s)
iter: 50  [test] err 0.15% adv_err_lb 0.74% adv_err_ub 1.92% | [valid] err 0.33% adv_err 2.38% | [train] err 0.00% adv_err 0.00% loss 0.00142 | [tree] depth 4->4 nodes 14->14 (11142.78s)
(done in 185.71 min)
Model path: exps/2019-07-06 19:46:27 dataset=mnist_1_5 weak_learner=tree model=robust_bound n_train=-1 n_trials_coord=100 eps=0.300 max_depth=4 lr=1.0.model.npy
Metrics path: exps/2019-07-06 19:46:27 dataset=mnist_1_5 weak_learner=tree model=robust_bound n_train=-1 n_trials_coord=100 eps=0.300 max_depth=4 lr=1.0.metrics
