Boosting started: 2019-07-06 19:46:28 dataset=breast_cancer weak_learner=tree model=robust_bound n_train=-1 n_trials_coord=100 eps=0.300 min_samples_split=10 min_samples_leaf=5 max_depth=4 lr=1.0
iter: 1  [test] err 2.92% adv_err_lb 10.22% adv_err_ub 10.22% | [valid] err 8.18% adv_err 16.36% | [train] err 6.19% adv_err 13.53% loss 0.61962 | [tree] depth 4->4 nodes 13->13 (6.98s)
iter: 2  [test] err 2.92% adv_err_lb 10.22% adv_err_ub 16.79% | [valid] err 8.18% adv_err 17.27% | [train] err 6.19% adv_err 13.53% loss 0.61762 | [tree] depth 4->2 nodes 7->2 (7.34s)
iter: 3  [test] err 2.92% adv_err_lb 10.22% adv_err_ub 18.25% | [valid] err 8.18% adv_err 17.27% | [train] err 6.19% adv_err 13.53% loss 0.61762 | [tree] depth 4->2 nodes 7->2 (7.80s)
iter: 4  [test] err 2.92% adv_err_lb 18.25% adv_err_ub 18.25% | [valid] err 8.18% adv_err 17.27% | [train] err 6.19% adv_err 13.53% loss 0.61762 | [tree] depth 4->1 nodes 11->1 (8.41s)
iter: 5  [test] err 2.92% adv_err_lb 10.22% adv_err_ub 18.25% | [valid] err 8.18% adv_err 17.27% | [train] err 6.19% adv_err 13.53% loss 0.61762 | [tree] depth 4->1 nodes 12->1 (9.34s)
iter: 6  [test] err 2.92% adv_err_lb 18.25% adv_err_ub 18.25% | [valid] err 8.18% adv_err 17.27% | [train] err 6.19% adv_err 13.53% loss 0.61762 | [tree] depth 4->1 nodes 11->1 (10.41s)
iter: 7  [test] err 2.92% adv_err_lb 16.79% adv_err_ub 18.25% | [valid] err 8.18% adv_err 17.27% | [train] err 6.19% adv_err 13.53% loss 0.61762 | [tree] depth 4->1 nodes 11->1 (11.30s)
iter: 8  [test] err 2.92% adv_err_lb 10.22% adv_err_ub 18.25% | [valid] err 8.18% adv_err 17.27% | [train] err 6.19% adv_err 13.53% loss 0.61762 | [tree] depth 4->1 nodes 11->1 (12.13s)
iter: 9  [test] err 2.92% adv_err_lb 17.52% adv_err_ub 18.25% | [valid] err 8.18% adv_err 17.27% | [train] err 6.19% adv_err 13.53% loss 0.61762 | [tree] depth 4->1 nodes 11->1 (13.05s)
iter: 10  [test] err 2.92% adv_err_lb 17.52% adv_err_ub 18.25% | [valid] err 8.18% adv_err 17.27% | [train] err 6.19% adv_err 13.53% loss 0.61762 | [tree] depth 4->1 nodes 11->1 (13.85s)
iter: 11  [test] err 2.92% adv_err_lb 10.22% adv_err_ub 18.25% | [valid] err 8.18% adv_err 17.27% | [train] err 6.19% adv_err 13.53% loss 0.61762 | [tree] depth 4->1 nodes 11->1 (14.78s)
iter: 12  [test] err 2.92% adv_err_lb 11.68% adv_err_ub 18.25% | [valid] err 8.18% adv_err 17.27% | [train] err 6.19% adv_err 13.53% loss 0.61762 | [tree] depth 4->1 nodes 11->1 (15.81s)
iter: 13  [test] err 2.92% adv_err_lb 16.79% adv_err_ub 18.25% | [valid] err 8.18% adv_err 17.27% | [train] err 6.19% adv_err 13.53% loss 0.61762 | [tree] depth 4->1 nodes 11->1 (16.71s)
iter: 14  [test] err 2.92% adv_err_lb 16.79% adv_err_ub 18.25% | [valid] err 8.18% adv_err 17.27% | [train] err 6.19% adv_err 13.53% loss 0.61762 | [tree] depth 4->1 nodes 11->1 (17.70s)
iter: 15  [test] err 2.92% adv_err_lb 16.79% adv_err_ub 18.25% | [valid] err 8.18% adv_err 17.27% | [train] err 6.19% adv_err 13.53% loss 0.61762 | [tree] depth 4->2 nodes 14->2 (19.01s)
iter: 16  [test] err 2.92% adv_err_lb 14.60% adv_err_ub 18.25% | [valid] err 8.18% adv_err 17.27% | [train] err 6.19% adv_err 13.53% loss 0.61762 | [tree] depth 4->1 nodes 11->1 (19.98s)
iter: 17  [test] err 2.92% adv_err_lb 16.79% adv_err_ub 18.25% | [valid] err 8.18% adv_err 17.27% | [train] err 6.19% adv_err 13.53% loss 0.61762 | [tree] depth 4->1 nodes 11->1 (20.77s)
iter: 18  [test] err 2.92% adv_err_lb 17.52% adv_err_ub 18.25% | [valid] err 8.18% adv_err 17.27% | [train] err 6.19% adv_err 13.53% loss 0.61762 | [tree] depth 4->1 nodes 11->1 (21.51s)
iter: 19  [test] err 2.92% adv_err_lb 18.25% adv_err_ub 18.25% | [valid] err 8.18% adv_err 17.27% | [train] err 6.19% adv_err 13.53% loss 0.61762 | [tree] depth 4->1 nodes 11->1 (22.30s)
iter: 20  [test] err 2.92% adv_err_lb 16.79% adv_err_ub 18.25% | [valid] err 8.18% adv_err 17.27% | [train] err 6.19% adv_err 13.53% loss 0.61762 | [tree] depth 4->1 nodes 11->1 (22.97s)
iter: 21  [test] err 2.92% adv_err_lb 18.25% adv_err_ub 18.25% | [valid] err 8.18% adv_err 17.27% | [train] err 6.19% adv_err 13.53% loss 0.61762 | [tree] depth 4->1 nodes 13->1 (23.88s)
iter: 22  [test] err 2.92% adv_err_lb 16.79% adv_err_ub 18.25% | [valid] err 8.18% adv_err 17.27% | [train] err 6.19% adv_err 13.53% loss 0.61762 | [tree] depth 4->1 nodes 11->1 (24.62s)
iter: 23  [test] err 2.92% adv_err_lb 11.68% adv_err_ub 18.25% | [valid] err 8.18% adv_err 17.27% | [train] err 6.19% adv_err 13.53% loss 0.61762 | [tree] depth 4->1 nodes 14->1 (25.40s)
iter: 24  [test] err 2.92% adv_err_lb 10.22% adv_err_ub 18.25% | [valid] err 8.18% adv_err 17.27% | [train] err 6.19% adv_err 13.53% loss 0.61762 | [tree] depth 4->1 nodes 12->1 (26.14s)
iter: 25  [test] err 2.92% adv_err_lb 18.25% adv_err_ub 18.25% | [valid] err 8.18% adv_err 17.27% | [train] err 6.19% adv_err 13.53% loss 0.61762 | [tree] depth 4->1 nodes 11->1 (26.89s)
iter: 26  [test] err 2.92% adv_err_lb 10.22% adv_err_ub 18.25% | [valid] err 8.18% adv_err 17.27% | [train] err 6.19% adv_err 13.53% loss 0.61762 | [tree] depth 4->1 nodes 12->1 (27.81s)
iter: 27  [test] err 2.92% adv_err_lb 16.79% adv_err_ub 18.25% | [valid] err 8.18% adv_err 17.27% | [train] err 6.19% adv_err 13.53% loss 0.61762 | [tree] depth 4->1 nodes 11->1 (28.76s)
iter: 28  [test] err 2.92% adv_err_lb 11.68% adv_err_ub 18.25% | [valid] err 8.18% adv_err 17.27% | [train] err 6.19% adv_err 13.53% loss 0.61762 | [tree] depth 4->1 nodes 12->1 (29.64s)
iter: 29  [test] err 2.92% adv_err_lb 16.79% adv_err_ub 18.25% | [valid] err 8.18% adv_err 17.27% | [train] err 6.19% adv_err 13.53% loss 0.61762 | [tree] depth 4->2 nodes 13->2 (30.57s)
iter: 30  [test] err 2.92% adv_err_lb 16.79% adv_err_ub 18.25% | [valid] err 8.18% adv_err 17.27% | [train] err 6.19% adv_err 13.53% loss 0.61762 | [tree] depth 4->1 nodes 12->1 (31.30s)
iter: 31  [test] err 2.92% adv_err_lb 16.79% adv_err_ub 18.25% | [valid] err 8.18% adv_err 17.27% | [train] err 6.19% adv_err 13.53% loss 0.61762 | [tree] depth 4->1 nodes 11->1 (31.93s)
iter: 32  [test] err 2.92% adv_err_lb 16.79% adv_err_ub 18.25% | [valid] err 8.18% adv_err 17.27% | [train] err 6.19% adv_err 13.53% loss 0.61762 | [tree] depth 4->1 nodes 11->1 (32.58s)
iter: 33  [test] err 2.92% adv_err_lb 10.22% adv_err_ub 18.25% | [valid] err 8.18% adv_err 17.27% | [train] err 6.19% adv_err 13.53% loss 0.61762 | [tree] depth 4->1 nodes 11->1 (33.27s)
iter: 34  [test] err 2.92% adv_err_lb 10.22% adv_err_ub 18.25% | [valid] err 8.18% adv_err 17.27% | [train] err 6.19% adv_err 13.53% loss 0.61762 | [tree] depth 4->1 nodes 12->1 (34.00s)
iter: 35  [test] err 2.92% adv_err_lb 10.22% adv_err_ub 18.25% | [valid] err 8.18% adv_err 17.27% | [train] err 6.19% adv_err 13.53% loss 0.61762 | [tree] depth 4->1 nodes 12->1 (34.71s)
iter: 36  [test] err 2.92% adv_err_lb 16.79% adv_err_ub 18.25% | [valid] err 8.18% adv_err 17.27% | [train] err 6.19% adv_err 13.53% loss 0.61762 | [tree] depth 4->1 nodes 11->1 (35.47s)
iter: 37  [test] err 2.92% adv_err_lb 18.25% adv_err_ub 18.25% | [valid] err 8.18% adv_err 17.27% | [train] err 6.19% adv_err 13.53% loss 0.61762 | [tree] depth 4->1 nodes 11->1 (36.21s)
iter: 38  [test] err 2.92% adv_err_lb 17.52% adv_err_ub 18.25% | [valid] err 8.18% adv_err 17.27% | [train] err 6.19% adv_err 13.53% loss 0.61762 | [tree] depth 4->1 nodes 13->1 (37.11s)
iter: 39  [test] err 2.92% adv_err_lb 16.79% adv_err_ub 18.25% | [valid] err 8.18% adv_err 17.27% | [train] err 6.19% adv_err 13.53% loss 0.61762 | [tree] depth 4->1 nodes 12->1 (37.87s)
iter: 40  [test] err 2.92% adv_err_lb 10.95% adv_err_ub 18.25% | [valid] err 8.18% adv_err 17.27% | [train] err 6.19% adv_err 13.53% loss 0.61762 | [tree] depth 4->1 nodes 11->1 (38.72s)
iter: 41  [test] err 2.92% adv_err_lb 14.60% adv_err_ub 18.25% | [valid] err 8.18% adv_err 17.27% | [train] err 6.19% adv_err 13.53% loss 0.61762 | [tree] depth 4->1 nodes 11->1 (39.54s)
iter: 42  [test] err 2.92% adv_err_lb 11.68% adv_err_ub 18.25% | [valid] err 8.18% adv_err 17.27% | [train] err 6.19% adv_err 13.53% loss 0.61762 | [tree] depth 4->1 nodes 13->1 (40.41s)
iter: 43  [test] err 2.92% adv_err_lb 10.22% adv_err_ub 18.25% | [valid] err 8.18% adv_err 17.27% | [train] err 6.19% adv_err 13.53% loss 0.61762 | [tree] depth 4->1 nodes 11->1 (41.35s)
iter: 44  [test] err 2.92% adv_err_lb 16.79% adv_err_ub 18.25% | [valid] err 8.18% adv_err 17.27% | [train] err 6.19% adv_err 13.53% loss 0.61762 | [tree] depth 4->1 nodes 13->1 (42.44s)
iter: 45  [test] err 2.92% adv_err_lb 16.79% adv_err_ub 18.25% | [valid] err 8.18% adv_err 17.27% | [train] err 6.19% adv_err 13.53% loss 0.61762 | [tree] depth 4->1 nodes 11->1 (43.38s)
iter: 46  [test] err 2.92% adv_err_lb 16.79% adv_err_ub 18.25% | [valid] err 8.18% adv_err 17.27% | [train] err 6.19% adv_err 13.53% loss 0.61762 | [tree] depth 4->1 nodes 11->1 (44.41s)
iter: 47  [test] err 2.92% adv_err_lb 17.52% adv_err_ub 18.25% | [valid] err 8.18% adv_err 17.27% | [train] err 6.19% adv_err 13.53% loss 0.61762 | [tree] depth 4->1 nodes 12->1 (45.37s)
iter: 48  [test] err 2.92% adv_err_lb 16.79% adv_err_ub 18.25% | [valid] err 8.18% adv_err 17.27% | [train] err 6.19% adv_err 13.53% loss 0.61762 | [tree] depth 4->1 nodes 11->1 (46.47s)
iter: 49  [test] err 2.92% adv_err_lb 17.52% adv_err_ub 18.25% | [valid] err 8.18% adv_err 17.27% | [train] err 6.19% adv_err 13.53% loss 0.61762 | [tree] depth 4->1 nodes 11->1 (47.66s)
iter: 50  [test] err 2.92% adv_err_lb 14.60% adv_err_ub 18.25% | [valid] err 8.18% adv_err 17.27% | [train] err 6.19% adv_err 13.53% loss 0.61762 | [tree] depth 4->1 nodes 11->1 (48.60s)
(done in 0.81 min)
Model path: exps/2019-07-06 19:46:28 dataset=breast_cancer weak_learner=tree model=robust_bound n_train=-1 n_trials_coord=100 eps=0.300 max_depth=4 lr=1.0.model.npy
Metrics path: exps/2019-07-06 19:46:28 dataset=breast_cancer weak_learner=tree model=robust_bound n_train=-1 n_trials_coord=100 eps=0.300 max_depth=4 lr=1.0.metrics
