Boosting started: 2019-07-06 19:46:31 dataset=gts_30_70 weak_learner=tree model=robust_bound n_train=-1 n_trials_coord=100 eps=0.031 min_samples_split=10 min_samples_leaf=5 max_depth=4 lr=1.0
iter: 1  [test] err 25.14% adv_err_lb 31.16% adv_err_ub 31.30% | [valid] err 20.00% adv_err 26.43% | [train] err 20.89% adv_err 27.32% loss 0.80020 | [tree] depth 4->4 nodes 13->13 (57.46s)
iter: 2  [test] err 22.17% adv_err_lb 28.77% adv_err_ub 28.91% | [valid] err 15.36% adv_err 22.98% | [train] err 14.70% adv_err 21.07% loss 0.67703 | [tree] depth 4->4 nodes 15->15 (111.67s)
iter: 3  [test] err 22.32% adv_err_lb 29.20% adv_err_ub 29.35% | [valid] err 13.45% adv_err 21.19% | [train] err 13.45% adv_err 19.35% loss 0.61925 | [tree] depth 4->4 nodes 13->13 (184.22s)
iter: 4  [test] err 22.39% adv_err_lb 29.35% adv_err_ub 29.42% | [valid] err 11.43% adv_err 19.52% | [train] err 11.49% adv_err 17.08% loss 0.55002 | [tree] depth 4->4 nodes 15->15 (280.40s)
iter: 5  [test] err 19.35% adv_err_lb 28.84% adv_err_ub 29.20% | [valid] err 8.45% adv_err 17.38% | [train] err 9.35% adv_err 15.36% loss 0.50094 | [tree] depth 4->4 nodes 14->14 (380.13s)
iter: 6  [test] err 16.38% adv_err_lb 26.01% adv_err_ub 26.38% | [valid] err 6.19% adv_err 15.00% | [train] err 6.96% adv_err 12.95% loss 0.44035 | [tree] depth 4->4 nodes 13->13 (484.84s)
iter: 7  [test] err 16.59% adv_err_lb 26.09% adv_err_ub 26.45% | [valid] err 6.31% adv_err 14.88% | [train] err 6.22% adv_err 12.20% loss 0.40883 | [tree] depth 4->4 nodes 14->14 (610.22s)
iter: 8  [test] err 16.23% adv_err_lb 25.36% adv_err_ub 25.80% | [valid] err 6.55% adv_err 15.12% | [train] err 5.65% adv_err 11.73% loss 0.38858 | [tree] depth 4->4 nodes 15->15 (755.68s)
iter: 9  [test] err 15.43% adv_err_lb 24.86% adv_err_ub 25.14% | [valid] err 6.31% adv_err 15.36% | [train] err 4.32% adv_err 9.82% loss 0.34986 | [tree] depth 4->4 nodes 14->14 (911.51s)
iter: 10  [test] err 14.57% adv_err_lb 24.20% adv_err_ub 24.71% | [valid] err 5.60% adv_err 15.48% | [train] err 3.96% adv_err 9.11% loss 0.33244 | [tree] depth 4->4 nodes 15->15 (1070.46s)
iter: 11  [test] err 14.57% adv_err_lb 24.13% adv_err_ub 24.86% | [valid] err 5.95% adv_err 15.24% | [train] err 3.54% adv_err 8.69% loss 0.31157 | [tree] depth 4->4 nodes 14->14 (1252.50s)
iter: 12  [test] err 15.07% adv_err_lb 25.58% adv_err_ub 26.23% | [valid] err 5.36% adv_err 14.76% | [train] err 3.01% adv_err 7.92% loss 0.28842 | [tree] depth 4->4 nodes 15->15 (1445.29s)
iter: 13  [test] err 15.07% adv_err_lb 26.30% adv_err_ub 27.32% | [valid] err 5.24% adv_err 14.64% | [train] err 2.56% adv_err 6.73% loss 0.26457 | [tree] depth 4->4 nodes 15->15 (1645.10s)
iter: 14  [test] err 14.86% adv_err_lb 25.58% adv_err_ub 27.17% | [valid] err 5.12% adv_err 14.17% | [train] err 2.35% adv_err 6.16% loss 0.24793 | [tree] depth 4->4 nodes 15->15 (1856.57s)
iter: 15  [test] err 14.71% adv_err_lb 25.80% adv_err_ub 27.17% | [valid] err 4.64% adv_err 14.40% | [train] err 1.96% adv_err 5.98% loss 0.22879 | [tree] depth 4->4 nodes 15->14 (2079.55s)
iter: 16  [test] err 14.64% adv_err_lb 26.59% adv_err_ub 27.97% | [valid] err 4.88% adv_err 15.95% | [train] err 1.93% adv_err 5.71% loss 0.21920 | [tree] depth 4->4 nodes 15->15 (2325.22s)
iter: 17  [test] err 14.93% adv_err_lb 27.32% adv_err_ub 29.06% | [valid] err 4.64% adv_err 15.71% | [train] err 1.76% adv_err 5.33% loss 0.21459 | [tree] depth 4->4 nodes 14->14 (2605.19s)
iter: 18  [test] err 14.93% adv_err_lb 28.33% adv_err_ub 29.35% | [valid] err 4.40% adv_err 15.12% | [train] err 1.58% adv_err 5.15% loss 0.20681 | [tree] depth 4->4 nodes 15->15 (2906.54s)
iter: 19  [test] err 14.42% adv_err_lb 28.62% adv_err_ub 30.94% | [valid] err 4.17% adv_err 15.12% | [train] err 1.31% adv_err 4.97% loss 0.19614 | [tree] depth 4->4 nodes 15->15 (3236.04s)
iter: 20  [test] err 14.49% adv_err_lb 29.49% adv_err_ub 32.32% | [valid] err 4.17% adv_err 15.12% | [train] err 1.22% adv_err 4.67% loss 0.18481 | [tree] depth 4->4 nodes 15->15 (3571.60s)
iter: 21  [test] err 14.49% adv_err_lb 28.77% adv_err_ub 31.59% | [valid] err 3.81% adv_err 14.76% | [train] err 1.10% adv_err 4.29% loss 0.17854 | [tree] depth 4->4 nodes 13->13 (3931.92s)
iter: 22  [test] err 14.78% adv_err_lb 28.70% adv_err_ub 32.10% | [valid] err 3.93% adv_err 14.64% | [train] err 1.04% adv_err 4.11% loss 0.16800 | [tree] depth 4->4 nodes 15->15 (4301.97s)
iter: 23  [test] err 14.28% adv_err_lb 29.06% adv_err_ub 32.17% | [valid] err 3.33% adv_err 15.71% | [train] err 0.98% adv_err 3.93% loss 0.15952 | [tree] depth 4->4 nodes 15->15 (4683.30s)
iter: 24  [test] err 14.28% adv_err_lb 29.13% adv_err_ub 32.17% | [valid] err 3.33% adv_err 16.07% | [train] err 0.95% adv_err 3.60% loss 0.15172 | [tree] depth 4->4 nodes 13->13 (5079.24s)
iter: 25  [test] err 13.99% adv_err_lb 28.33% adv_err_ub 31.45% | [valid] err 3.33% adv_err 15.95% | [train] err 0.86% adv_err 3.30% loss 0.14320 | [tree] depth 4->4 nodes 15->15 (5490.35s)
iter: 26  [test] err 14.42% adv_err_lb 29.13% adv_err_ub 32.46% | [valid] err 3.69% adv_err 15.95% | [train] err 0.89% adv_err 3.04% loss 0.13658 | [tree] depth 4->4 nodes 15->15 (5922.34s)
iter: 27  [test] err 14.20% adv_err_lb 29.35% adv_err_ub 33.04% | [valid] err 3.69% adv_err 16.19% | [train] err 0.83% adv_err 2.65% loss 0.12703 | [tree] depth 4->4 nodes 15->15 (6359.25s)
iter: 28  [test] err 14.42% adv_err_lb 29.64% adv_err_ub 33.62% | [valid] err 3.33% adv_err 16.19% | [train] err 0.74% adv_err 2.71% loss 0.12432 | [tree] depth 4->4 nodes 13->13 (6811.11s)
iter: 29  [test] err 13.48% adv_err_lb 28.77% adv_err_ub 32.75% | [valid] err 3.33% adv_err 16.43% | [train] err 0.74% adv_err 2.62% loss 0.11889 | [tree] depth 4->4 nodes 15->15 (7293.50s)
iter: 30  [test] err 13.70% adv_err_lb 28.33% adv_err_ub 33.12% | [valid] err 3.10% adv_err 16.67% | [train] err 0.71% adv_err 2.77% loss 0.11218 | [tree] depth 4->4 nodes 14->14 (7791.50s)
iter: 31  [test] err 13.41% adv_err_lb 28.62% adv_err_ub 33.41% | [valid] err 3.10% adv_err 16.55% | [train] err 0.68% adv_err 2.56% loss 0.10755 | [tree] depth 4->4 nodes 14->14 (8292.71s)
iter: 32  [test] err 13.41% adv_err_lb 28.70% adv_err_ub 33.84% | [valid] err 2.98% adv_err 16.55% | [train] err 0.71% adv_err 2.50% loss 0.10346 | [tree] depth 4->4 nodes 15->15 (8777.73s)
iter: 33  [test] err 13.48% adv_err_lb 28.77% adv_err_ub 33.77% | [valid] err 2.86% adv_err 16.07% | [train] err 0.62% adv_err 2.26% loss 0.09656 | [tree] depth 4->4 nodes 15->15 (9237.90s)
iter: 34  [test] err 13.33% adv_err_lb 28.12% adv_err_ub 33.62% | [valid] err 2.98% adv_err 16.55% | [train] err 0.60% adv_err 2.11% loss 0.09265 | [tree] depth 4->4 nodes 15->15 (9705.23s)
iter: 35  [test] err 13.55% adv_err_lb 28.04% adv_err_ub 34.28% | [valid] err 3.10% adv_err 16.43% | [train] err 0.62% adv_err 1.99% loss 0.08919 | [tree] depth 4->4 nodes 15->15 (10162.69s)
iter: 36  [test] err 13.77% adv_err_lb 28.99% adv_err_ub 36.09% | [valid] err 2.50% adv_err 16.55% | [train] err 0.24% adv_err 2.14% loss 0.08805 | [tree] depth 4->4 nodes 13->13 (10624.63s)
iter: 37  [test] err 13.62% adv_err_lb 28.26% adv_err_ub 35.14% | [valid] err 2.50% adv_err 15.83% | [train] err 0.21% adv_err 1.99% loss 0.08065 | [tree] depth 4->4 nodes 15->15 (11067.50s)
iter: 38  [test] err 13.33% adv_err_lb 28.04% adv_err_ub 35.43% | [valid] err 2.14% adv_err 15.83% | [train] err 0.18% adv_err 1.73% loss 0.07513 | [tree] depth 4->4 nodes 15->15 (11511.31s)
iter: 39  [test] err 13.77% adv_err_lb 27.39% adv_err_ub 35.72% | [valid] err 2.50% adv_err 15.83% | [train] err 0.18% adv_err 1.55% loss 0.07088 | [tree] depth 4->4 nodes 15->15 (11958.21s)
iter: 40  [test] err 13.77% adv_err_lb 27.17% adv_err_ub 35.14% | [valid] err 2.02% adv_err 15.36% | [train] err 0.18% adv_err 1.52% loss 0.06890 | [tree] depth 4->4 nodes 15->15 (12418.77s)
iter: 41  [test] err 13.48% adv_err_lb 27.17% adv_err_ub 34.57% | [valid] err 2.26% adv_err 15.48% | [train] err 0.18% adv_err 1.43% loss 0.06583 | [tree] depth 4->4 nodes 15->15 (12886.25s)
iter: 42  [test] err 13.33% adv_err_lb 26.88% adv_err_ub 34.78% | [valid] err 1.90% adv_err 15.36% | [train] err 0.18% adv_err 1.46% loss 0.06417 | [tree] depth 4->4 nodes 15->15 (13364.16s)
iter: 43  [test] err 13.33% adv_err_lb 26.23% adv_err_ub 34.86% | [valid] err 2.02% adv_err 14.76% | [train] err 0.21% adv_err 1.37% loss 0.06100 | [tree] depth 4->4 nodes 15->15 (13848.68s)
iter: 44  [test] err 12.97% adv_err_lb 26.09% adv_err_ub 35.07% | [valid] err 2.02% adv_err 15.00% | [train] err 0.18% adv_err 1.28% loss 0.05813 | [tree] depth 4->4 nodes 14->14 (14337.65s)
iter: 45  [test] err 13.26% adv_err_lb 25.58% adv_err_ub 34.86% | [valid] err 1.90% adv_err 15.12% | [train] err 0.18% adv_err 1.07% loss 0.05536 | [tree] depth 4->4 nodes 15->15 (14833.93s)
iter: 46  [test] err 13.33% adv_err_lb 25.58% adv_err_ub 34.20% | [valid] err 1.67% adv_err 15.00% | [train] err 0.18% adv_err 1.07% loss 0.05343 | [tree] depth 4->4 nodes 14->14 (15338.62s)
iter: 47  [test] err 13.33% adv_err_lb 25.65% adv_err_ub 34.49% | [valid] err 1.55% adv_err 15.24% | [train] err 0.18% adv_err 0.95% loss 0.05075 | [tree] depth 4->4 nodes 14->14 (15863.73s)
iter: 48  [test] err 13.33% adv_err_lb 25.65% adv_err_ub 34.57% | [valid] err 1.43% adv_err 15.95% | [train] err 0.18% adv_err 0.95% loss 0.04877 | [tree] depth 4->4 nodes 15->15 (16386.79s)
iter: 49  [test] err 13.12% adv_err_lb 24.78% adv_err_ub 34.42% | [valid] err 1.31% adv_err 15.83% | [train] err 0.18% adv_err 0.92% loss 0.04797 | [tree] depth 4->4 nodes 15->15 (16918.01s)
iter: 50  [test] err 13.26% adv_err_lb 25.94% adv_err_ub 34.78% | [valid] err 1.31% adv_err 15.36% | [train] err 0.18% adv_err 0.92% loss 0.04624 | [tree] depth 4->4 nodes 15->15 (17434.79s)
(done in 290.58 min)
Model path: exps/2019-07-06 19:46:31 dataset=gts_30_70 weak_learner=tree model=robust_bound n_train=-1 n_trials_coord=100 eps=0.031 max_depth=4 lr=1.0.model.npy
Metrics path: exps/2019-07-06 19:46:31 dataset=gts_30_70 weak_learner=tree model=robust_bound n_train=-1 n_trials_coord=100 eps=0.031 max_depth=4 lr=1.0.metrics
