Boosting started: 2019-07-06 19:46:29 dataset=gts_100_roadworks weak_learner=tree model=robust_bound n_train=-1 n_trials_coord=100 eps=0.031 min_samples_split=10 min_samples_leaf=5 max_depth=4 lr=1.0
iter: 1  [test] err 9.78% adv_err_lb 14.52% adv_err_ub 14.52% | [valid] err 11.73% adv_err 17.69% | [train] err 13.35% adv_err 18.28% loss 0.58085 | [tree] depth 4->4 nodes 13->13 (45.12s)
iter: 2  [test] err 5.27% adv_err_lb 10.86% adv_err_ub 11.08% | [valid] err 5.10% adv_err 9.52% | [train] err 6.04% adv_err 10.42% loss 0.34054 | [tree] depth 4->4 nodes 14->14 (85.25s)
iter: 3  [test] err 5.48% adv_err_lb 10.86% adv_err_ub 10.97% | [valid] err 4.08% adv_err 9.01% | [train] err 4.59% adv_err 8.16% loss 0.27642 | [tree] depth 4->4 nodes 15->15 (136.45s)
iter: 4  [test] err 8.06% adv_err_lb 12.58% adv_err_ub 12.90% | [valid] err 4.76% adv_err 9.35% | [train] err 4.72% adv_err 8.12% loss 0.22708 | [tree] depth 4->4 nodes 11->11 (197.99s)
iter: 5  [test] err 5.05% adv_err_lb 10.65% adv_err_ub 10.97% | [valid] err 3.74% adv_err 8.67% | [train] err 3.44% adv_err 6.08% loss 0.18017 | [tree] depth 4->4 nodes 12->12 (268.90s)
iter: 6  [test] err 4.73% adv_err_lb 10.22% adv_err_ub 10.43% | [valid] err 4.25% adv_err 7.65% | [train] err 3.36% adv_err 5.27% loss 0.13904 | [tree] depth 4->4 nodes 15->15 (353.94s)
iter: 7  [test] err 4.09% adv_err_lb 9.14% adv_err_ub 9.46% | [valid] err 2.55% adv_err 7.48% | [train] err 2.47% adv_err 4.42% loss 0.12160 | [tree] depth 4->4 nodes 15->15 (447.68s)
iter: 8  [test] err 4.52% adv_err_lb 9.25% adv_err_ub 9.68% | [valid] err 2.55% adv_err 7.31% | [train] err 2.30% adv_err 3.83% loss 0.11189 | [tree] depth 4->4 nodes 15->15 (547.70s)
iter: 9  [test] err 4.09% adv_err_lb 9.57% adv_err_ub 10.11% | [valid] err 2.89% adv_err 7.65% | [train] err 2.30% adv_err 3.61% loss 0.10249 | [tree] depth 4->4 nodes 14->14 (656.51s)
iter: 10  [test] err 4.62% adv_err_lb 9.57% adv_err_ub 10.32% | [valid] err 2.89% adv_err 7.14% | [train] err 2.34% adv_err 3.02% loss 0.08498 | [tree] depth 4->4 nodes 15->15 (776.80s)
iter: 11  [test] err 4.73% adv_err_lb 9.25% adv_err_ub 10.11% | [valid] err 2.72% adv_err 6.97% | [train] err 2.21% adv_err 2.85% loss 0.07879 | [tree] depth 4->4 nodes 14->14 (905.69s)
iter: 12  [test] err 4.84% adv_err_lb 10.86% adv_err_ub 11.40% | [valid] err 2.38% adv_err 8.33% | [train] err 2.17% adv_err 2.64% loss 0.07210 | [tree] depth 4->4 nodes 15->15 (1046.53s)
iter: 13  [test] err 4.52% adv_err_lb 10.75% adv_err_ub 12.37% | [valid] err 2.04% adv_err 8.67% | [train] err 1.57% adv_err 1.83% loss 0.06015 | [tree] depth 4->4 nodes 14->14 (1199.61s)
iter: 14  [test] err 4.73% adv_err_lb 11.29% adv_err_ub 12.69% | [valid] err 1.87% adv_err 8.84% | [train] err 1.57% adv_err 1.79% loss 0.05777 | [tree] depth 4->4 nodes 14->14 (1360.76s)
iter: 15  [test] err 4.41% adv_err_lb 10.65% adv_err_ub 11.94% | [valid] err 1.53% adv_err 8.50% | [train] err 1.57% adv_err 1.74% loss 0.05341 | [tree] depth 4->4 nodes 15->15 (1525.55s)
iter: 16  [test] err 4.41% adv_err_lb 11.51% adv_err_ub 13.33% | [valid] err 1.70% adv_err 7.65% | [train] err 1.36% adv_err 1.66% loss 0.04608 | [tree] depth 4->4 nodes 15->15 (1704.34s)
iter: 17  [test] err 4.30% adv_err_lb 11.18% adv_err_ub 13.55% | [valid] err 1.53% adv_err 8.50% | [train] err 1.02% adv_err 1.66% loss 0.04168 | [tree] depth 4->4 nodes 15->15 (1896.41s)
iter: 18  [test] err 4.41% adv_err_lb 11.83% adv_err_ub 14.52% | [valid] err 1.02% adv_err 7.48% | [train] err 0.85% adv_err 1.45% loss 0.03997 | [tree] depth 4->4 nodes 15->13 (2094.94s)
iter: 19  [test] err 4.62% adv_err_lb 11.40% adv_err_ub 14.84% | [valid] err 1.19% adv_err 7.99% | [train] err 0.85% adv_err 1.36% loss 0.03754 | [tree] depth 4->4 nodes 15->15 (2290.09s)
iter: 20  [test] err 4.84% adv_err_lb 11.18% adv_err_ub 15.16% | [valid] err 0.51% adv_err 7.99% | [train] err 0.13% adv_err 1.11% loss 0.03616 | [tree] depth 4->4 nodes 15->13 (2483.68s)
iter: 21  [test] err 4.52% adv_err_lb 11.40% adv_err_ub 15.70% | [valid] err 0.51% adv_err 8.50% | [train] err 0.04% adv_err 0.98% loss 0.03331 | [tree] depth 4->4 nodes 15->15 (2686.90s)
iter: 22  [test] err 4.09% adv_err_lb 11.08% adv_err_ub 15.91% | [valid] err 0.34% adv_err 8.67% | [train] err 0.04% adv_err 0.72% loss 0.03061 | [tree] depth 4->4 nodes 15->15 (2897.48s)
iter: 23  [test] err 3.98% adv_err_lb 11.08% adv_err_ub 16.34% | [valid] err 0.51% adv_err 8.84% | [train] err 0.00% adv_err 0.94% loss 0.02926 | [tree] depth 4->4 nodes 14->12 (3121.59s)
iter: 24  [test] err 3.87% adv_err_lb 11.61% adv_err_ub 16.88% | [valid] err 0.34% adv_err 8.50% | [train] err 0.04% adv_err 0.68% loss 0.02677 | [tree] depth 4->4 nodes 15->15 (3357.82s)
iter: 25  [test] err 3.76% adv_err_lb 11.51% adv_err_ub 15.91% | [valid] err 0.34% adv_err 7.99% | [train] err 0.17% adv_err 0.60% loss 0.02471 | [tree] depth 4->4 nodes 15->15 (3602.72s)
iter: 26  [test] err 4.19% adv_err_lb 11.18% adv_err_ub 16.45% | [valid] err 0.34% adv_err 8.50% | [train] err 0.00% adv_err 0.51% loss 0.02285 | [tree] depth 4->4 nodes 15->15 (3857.82s)
iter: 27  [test] err 3.87% adv_err_lb 10.65% adv_err_ub 15.81% | [valid] err 0.34% adv_err 8.84% | [train] err 0.00% adv_err 0.55% loss 0.02139 | [tree] depth 4->4 nodes 15->15 (4113.67s)
iter: 28  [test] err 4.41% adv_err_lb 10.86% adv_err_ub 16.34% | [valid] err 0.34% adv_err 8.84% | [train] err 0.00% adv_err 0.55% loss 0.02053 | [tree] depth 4->4 nodes 15->15 (4386.74s)
iter: 29  [test] err 4.09% adv_err_lb 11.18% adv_err_ub 16.45% | [valid] err 0.34% adv_err 8.33% | [train] err 0.00% adv_err 0.38% loss 0.02003 | [tree] depth 4->4 nodes 12->8 (4668.58s)
iter: 30  [test] err 3.87% adv_err_lb 10.54% adv_err_ub 15.91% | [valid] err 0.17% adv_err 9.18% | [train] err 0.00% adv_err 0.43% loss 0.01921 | [tree] depth 4->4 nodes 15->15 (4957.43s)
iter: 31  [test] err 3.55% adv_err_lb 10.43% adv_err_ub 15.27% | [valid] err 0.17% adv_err 10.20% | [train] err 0.00% adv_err 0.43% loss 0.01882 | [tree] depth 4->4 nodes 15->15 (5255.15s)
iter: 32  [test] err 3.23% adv_err_lb 10.22% adv_err_ub 16.77% | [valid] err 0.17% adv_err 10.20% | [train] err 0.00% adv_err 0.43% loss 0.01818 | [tree] depth 4->4 nodes 15->13 (5564.08s)
iter: 33  [test] err 3.01% adv_err_lb 10.43% adv_err_ub 17.10% | [valid] err 0.17% adv_err 10.20% | [train] err 0.00% adv_err 0.34% loss 0.01797 | [tree] depth 4->4 nodes 15->15 (5883.33s)
iter: 34  [test] err 2.90% adv_err_lb 10.22% adv_err_ub 16.88% | [valid] err 0.17% adv_err 10.54% | [train] err 0.00% adv_err 0.34% loss 0.01715 | [tree] depth 4->4 nodes 15->14 (6207.09s)
iter: 35  [test] err 2.80% adv_err_lb 10.11% adv_err_ub 16.77% | [valid] err 0.17% adv_err 10.54% | [train] err 0.00% adv_err 0.38% loss 0.01700 | [tree] depth 4->4 nodes 14->8 (6542.74s)
iter: 36  [test] err 2.58% adv_err_lb 9.25% adv_err_ub 17.20% | [valid] err 0.17% adv_err 10.71% | [train] err 0.00% adv_err 0.38% loss 0.01660 | [tree] depth 4->4 nodes 15->15 (6878.66s)
iter: 37  [test] err 2.58% adv_err_lb 9.35% adv_err_ub 17.74% | [valid] err 0.17% adv_err 10.71% | [train] err 0.00% adv_err 0.38% loss 0.01511 | [tree] depth 4->4 nodes 15->15 (7229.06s)
iter: 38  [test] err 2.58% adv_err_lb 9.14% adv_err_ub 18.17% | [valid] err 0.17% adv_err 10.37% | [train] err 0.00% adv_err 0.38% loss 0.01466 | [tree] depth 4->4 nodes 15->15 (7588.25s)
iter: 39  [test] err 2.58% adv_err_lb 9.03% adv_err_ub 18.17% | [valid] err 0.17% adv_err 11.22% | [train] err 0.00% adv_err 0.38% loss 0.01340 | [tree] depth 4->4 nodes 15->15 (7961.17s)
iter: 40  [test] err 2.90% adv_err_lb 9.89% adv_err_ub 18.60% | [valid] err 0.17% adv_err 11.39% | [train] err 0.00% adv_err 0.38% loss 0.01328 | [tree] depth 4->4 nodes 15->7 (8338.77s)
iter: 41  [test] err 2.90% adv_err_lb 9.89% adv_err_ub 18.28% | [valid] err 0.17% adv_err 11.90% | [train] err 0.00% adv_err 0.30% loss 0.01287 | [tree] depth 4->4 nodes 15->14 (8723.65s)
iter: 42  [test] err 3.01% adv_err_lb 9.78% adv_err_ub 18.92% | [valid] err 0.34% adv_err 12.24% | [train] err 0.00% adv_err 0.30% loss 0.01160 | [tree] depth 4->4 nodes 15->15 (9129.57s)
iter: 43  [test] err 2.90% adv_err_lb 9.25% adv_err_ub 19.14% | [valid] err 0.34% adv_err 12.41% | [train] err 0.00% adv_err 0.26% loss 0.01105 | [tree] depth 4->4 nodes 15->8 (9545.86s)
iter: 44  [test] err 2.90% adv_err_lb 10.00% adv_err_ub 19.25% | [valid] err 0.34% adv_err 13.10% | [train] err 0.00% adv_err 0.17% loss 0.01056 | [tree] depth 4->4 nodes 13->11 (9965.90s)
iter: 45  [test] err 2.90% adv_err_lb 10.00% adv_err_ub 19.68% | [valid] err 0.34% adv_err 12.41% | [train] err 0.00% adv_err 0.17% loss 0.01021 | [tree] depth 4->4 nodes 15->15 (10384.73s)
iter: 46  [test] err 2.90% adv_err_lb 10.11% adv_err_ub 19.46% | [valid] err 0.34% adv_err 12.76% | [train] err 0.00% adv_err 0.13% loss 0.00988 | [tree] depth 4->4 nodes 15->13 (10804.40s)
iter: 47  [test] err 2.90% adv_err_lb 9.03% adv_err_ub 18.39% | [valid] err 0.34% adv_err 12.41% | [train] err 0.00% adv_err 0.13% loss 0.00961 | [tree] depth 4->4 nodes 15->15 (11205.35s)
iter: 48  [test] err 2.47% adv_err_lb 8.60% adv_err_ub 18.39% | [valid] err 0.34% adv_err 12.41% | [train] err 0.00% adv_err 0.17% loss 0.00845 | [tree] depth 4->4 nodes 15->15 (11542.89s)
iter: 49  [test] err 2.90% adv_err_lb 8.28% adv_err_ub 17.96% | [valid] err 0.34% adv_err 12.24% | [train] err 0.00% adv_err 0.17% loss 0.00817 | [tree] depth 4->4 nodes 15->15 (11856.16s)
iter: 50  [test] err 3.12% adv_err_lb 7.85% adv_err_ub 18.06% | [valid] err 0.34% adv_err 12.07% | [train] err 0.00% adv_err 0.09% loss 0.00759 | [tree] depth 4->4 nodes 15->15 (12164.20s)
(done in 202.74 min)
Model path: exps/2019-07-06 19:46:29 dataset=gts_100_roadworks weak_learner=tree model=robust_bound n_train=-1 n_trials_coord=100 eps=0.031 max_depth=4 lr=1.0.model.npy
Metrics path: exps/2019-07-06 19:46:29 dataset=gts_100_roadworks weak_learner=tree model=robust_bound n_train=-1 n_trials_coord=100 eps=0.031 max_depth=4 lr=1.0.metrics
