Boosting started: 2019-07-06 19:46:23 dataset=diabetes weak_learner=tree model=robust_bound n_train=-1 n_trials_coord=100 eps=0.050 min_samples_split=10 min_samples_leaf=5 max_depth=4 lr=1.0
iter: 1  [test] err 27.92% adv_err_lb 31.82% adv_err_ub 31.82% | [valid] err 28.46% adv_err 32.52% | [train] err 24.44% adv_err 29.94% loss 0.89214 | [tree] depth 4->4 nodes 8->8 (12.46s)
iter: 2  [test] err 27.92% adv_err_lb 31.82% adv_err_ub 31.82% | [valid] err 26.83% adv_err 31.71% | [train] err 23.42% adv_err 29.53% loss 0.86976 | [tree] depth 4->4 nodes 7->7 (12.91s)
iter: 3  [test] err 28.57% adv_err_lb 33.12% adv_err_ub 33.12% | [valid] err 22.76% adv_err 30.89% | [train] err 22.61% adv_err 28.92% loss 0.84073 | [tree] depth 4->4 nodes 7->7 (13.36s)
iter: 4  [test] err 29.22% adv_err_lb 33.77% adv_err_ub 33.77% | [valid] err 22.76% adv_err 30.89% | [train] err 22.61% adv_err 28.92% loss 0.83801 | [tree] depth 4->4 nodes 4->4 (13.79s)
iter: 5  [test] err 29.22% adv_err_lb 34.42% adv_err_ub 34.42% | [valid] err 21.95% adv_err 31.71% | [train] err 21.59% adv_err 28.31% loss 0.83074 | [tree] depth 4->4 nodes 8->8 (14.53s)
iter: 6  [test] err 29.22% adv_err_lb 34.42% adv_err_ub 34.42% | [valid] err 21.95% adv_err 31.71% | [train] err 21.18% adv_err 27.90% loss 0.82863 | [tree] depth 4->4 nodes 5->5 (15.28s)
iter: 7  [test] err 29.22% adv_err_lb 33.77% adv_err_ub 33.77% | [valid] err 22.76% adv_err 31.71% | [train] err 20.98% adv_err 27.70% loss 0.82635 | [tree] depth 4->4 nodes 5->5 (15.94s)
iter: 8  [test] err 28.57% adv_err_lb 34.42% adv_err_ub 34.42% | [valid] err 23.58% adv_err 32.52% | [train] err 21.18% adv_err 27.70% loss 0.81942 | [tree] depth 4->4 nodes 5->5 (16.76s)
iter: 9  [test] err 28.57% adv_err_lb 34.42% adv_err_ub 34.42% | [valid] err 23.58% adv_err 32.52% | [train] err 21.18% adv_err 27.70% loss 0.81872 | [tree] depth 4->4 nodes 7->7 (17.60s)
iter: 10  [test] err 28.57% adv_err_lb 34.42% adv_err_ub 34.42% | [valid] err 23.58% adv_err 32.52% | [train] err 21.18% adv_err 27.70% loss 0.81853 | [tree] depth 4->3 nodes 4->3 (18.37s)
iter: 11  [test] err 28.57% adv_err_lb 34.42% adv_err_ub 34.42% | [valid] err 23.58% adv_err 32.52% | [train] err 21.18% adv_err 27.70% loss 0.81837 | [tree] depth 4->4 nodes 4->4 (19.09s)
iter: 12  [test] err 28.57% adv_err_lb 34.42% adv_err_ub 34.42% | [valid] err 23.58% adv_err 32.52% | [train] err 21.18% adv_err 27.70% loss 0.81825 | [tree] depth 4->3 nodes 5->3 (20.10s)
iter: 13  [test] err 28.57% adv_err_lb 34.42% adv_err_ub 34.42% | [valid] err 23.58% adv_err 32.52% | [train] err 21.18% adv_err 27.70% loss 0.81814 | [tree] depth 4->3 nodes 5->3 (21.00s)
iter: 14  [test] err 28.57% adv_err_lb 34.42% adv_err_ub 34.42% | [valid] err 23.58% adv_err 32.52% | [train] err 21.18% adv_err 27.70% loss 0.81805 | [tree] depth 4->3 nodes 5->3 (21.92s)
iter: 15  [test] err 27.92% adv_err_lb 33.77% adv_err_ub 33.77% | [valid] err 24.39% adv_err 32.52% | [train] err 19.96% adv_err 26.88% loss 0.81034 | [tree] depth 4->4 nodes 5->5 (23.03s)
iter: 16  [test] err 27.92% adv_err_lb 33.77% adv_err_ub 33.77% | [valid] err 24.39% adv_err 32.52% | [train] err 19.76% adv_err 27.09% loss 0.80559 | [tree] depth 4->4 nodes 5->5 (23.99s)
iter: 17  [test] err 27.92% adv_err_lb 33.77% adv_err_ub 33.77% | [valid] err 24.39% adv_err 32.52% | [train] err 19.76% adv_err 27.09% loss 0.80435 | [tree] depth 4->3 nodes 5->3 (25.03s)
iter: 18  [test] err 27.27% adv_err_lb 33.77% adv_err_ub 33.77% | [valid] err 24.39% adv_err 32.52% | [train] err 19.76% adv_err 27.29% loss 0.80000 | [tree] depth 4->4 nodes 6->6 (25.97s)
iter: 19  [test] err 28.57% adv_err_lb 35.06% adv_err_ub 35.06% | [valid] err 24.39% adv_err 32.52% | [train] err 19.55% adv_err 26.88% loss 0.79668 | [tree] depth 4->4 nodes 7->6 (27.04s)
iter: 20  [test] err 27.92% adv_err_lb 35.06% adv_err_ub 35.06% | [valid] err 24.39% adv_err 32.52% | [train] err 19.55% adv_err 27.09% loss 0.79661 | [tree] depth 4->2 nodes 4->2 (28.11s)
iter: 21  [test] err 27.92% adv_err_lb 35.06% adv_err_ub 35.06% | [valid] err 24.39% adv_err 32.52% | [train] err 19.55% adv_err 27.09% loss 0.79655 | [tree] depth 4->4 nodes 4->4 (29.21s)
iter: 22  [test] err 27.92% adv_err_lb 35.06% adv_err_ub 35.06% | [valid] err 24.39% adv_err 32.52% | [train] err 19.55% adv_err 27.09% loss 0.79655 | [tree] depth 4->1 nodes 4->1 (30.15s)
iter: 23  [test] err 27.92% adv_err_lb 35.06% adv_err_ub 35.06% | [valid] err 24.39% adv_err 32.52% | [train] err 19.55% adv_err 27.09% loss 0.79650 | [tree] depth 4->2 nodes 7->2 (31.20s)
iter: 24  [test] err 27.92% adv_err_lb 35.06% adv_err_ub 35.06% | [valid] err 24.39% adv_err 32.52% | [train] err 19.55% adv_err 27.09% loss 0.79646 | [tree] depth 4->2 nodes 6->2 (33.19s)
iter: 25  [test] err 27.92% adv_err_lb 35.06% adv_err_ub 35.06% | [valid] err 24.39% adv_err 32.52% | [train] err 19.55% adv_err 27.09% loss 0.79642 | [tree] depth 4->2 nodes 6->2 (34.34s)
iter: 26  [test] err 27.92% adv_err_lb 35.06% adv_err_ub 35.06% | [valid] err 24.39% adv_err 32.52% | [train] err 19.55% adv_err 27.09% loss 0.79639 | [tree] depth 4->2 nodes 6->2 (35.59s)
iter: 27  [test] err 27.92% adv_err_lb 35.06% adv_err_ub 35.06% | [valid] err 24.39% adv_err 32.52% | [train] err 19.55% adv_err 27.09% loss 0.79635 | [tree] depth 4->2 nodes 6->2 (36.71s)
iter: 28  [test] err 27.92% adv_err_lb 35.06% adv_err_ub 35.06% | [valid] err 24.39% adv_err 32.52% | [train] err 19.55% adv_err 27.09% loss 0.79633 | [tree] depth 4->2 nodes 8->2 (38.20s)
iter: 29  [test] err 27.92% adv_err_lb 35.06% adv_err_ub 35.06% | [valid] err 24.39% adv_err 32.52% | [train] err 19.55% adv_err 27.09% loss 0.79630 | [tree] depth 4->2 nodes 8->2 (39.44s)
iter: 30  [test] err 27.92% adv_err_lb 35.06% adv_err_ub 35.06% | [valid] err 24.39% adv_err 32.52% | [train] err 19.55% adv_err 27.09% loss 0.79627 | [tree] depth 4->2 nodes 8->2 (40.70s)
iter: 31  [test] err 27.92% adv_err_lb 35.06% adv_err_ub 35.06% | [valid] err 24.39% adv_err 32.52% | [train] err 19.55% adv_err 27.09% loss 0.79625 | [tree] depth 4->2 nodes 6->2 (41.92s)
iter: 32  [test] err 27.92% adv_err_lb 35.06% adv_err_ub 35.06% | [valid] err 24.39% adv_err 32.52% | [train] err 19.55% adv_err 27.09% loss 0.79623 | [tree] depth 4->2 nodes 8->2 (43.18s)
iter: 33  [test] err 27.92% adv_err_lb 35.06% adv_err_ub 35.06% | [valid] err 24.39% adv_err 32.52% | [train] err 19.55% adv_err 27.09% loss 0.79621 | [tree] depth 4->2 nodes 6->2 (44.37s)
iter: 34  [test] err 27.92% adv_err_lb 35.06% adv_err_ub 35.06% | [valid] err 24.39% adv_err 32.52% | [train] err 19.55% adv_err 27.09% loss 0.79619 | [tree] depth 4->2 nodes 6->2 (45.74s)
iter: 35  [test] err 27.92% adv_err_lb 35.06% adv_err_ub 35.06% | [valid] err 24.39% adv_err 32.52% | [train] err 19.55% adv_err 27.09% loss 0.79617 | [tree] depth 4->2 nodes 6->2 (47.18s)
iter: 36  [test] err 27.92% adv_err_lb 35.06% adv_err_ub 35.06% | [valid] err 24.39% adv_err 32.52% | [train] err 19.55% adv_err 27.09% loss 0.79616 | [tree] depth 4->2 nodes 6->2 (48.81s)
iter: 37  [test] err 27.92% adv_err_lb 35.06% adv_err_ub 35.06% | [valid] err 24.39% adv_err 32.52% | [train] err 19.55% adv_err 27.09% loss 0.79614 | [tree] depth 4->2 nodes 8->2 (50.62s)
iter: 38  [test] err 26.62% adv_err_lb 33.77% adv_err_ub 33.77% | [valid] err 22.76% adv_err 34.15% | [train] err 18.74% adv_err 25.87% loss 0.78039 | [tree] depth 4->4 nodes 7->7 (52.30s)
iter: 39  [test] err 26.62% adv_err_lb 33.77% adv_err_ub 33.77% | [valid] err 22.76% adv_err 34.15% | [train] err 18.74% adv_err 25.87% loss 0.78029 | [tree] depth 4->1 nodes 4->1 (53.69s)
iter: 40  [test] err 26.62% adv_err_lb 33.77% adv_err_ub 33.77% | [valid] err 22.76% adv_err 34.15% | [train] err 18.74% adv_err 25.87% loss 0.78028 | [tree] depth 4->4 nodes 4->4 (54.95s)
iter: 41  [test] err 25.97% adv_err_lb 34.42% adv_err_ub 34.42% | [valid] err 24.39% adv_err 40.65% | [train] err 17.52% adv_err 24.85% loss 0.77640 | [tree] depth 4->4 nodes 7->5 (56.32s)
iter: 42  [test] err 25.32% adv_err_lb 33.77% adv_err_ub 33.77% | [valid] err 25.20% adv_err 41.46% | [train] err 17.31% adv_err 23.83% loss 0.76472 | [tree] depth 4->4 nodes 8->8 (57.80s)
iter: 43  [test] err 25.32% adv_err_lb 33.77% adv_err_ub 33.77% | [valid] err 25.20% adv_err 41.46% | [train] err 17.31% adv_err 23.83% loss 0.76395 | [tree] depth 4->4 nodes 6->6 (59.33s)
iter: 44  [test] err 25.32% adv_err_lb 33.77% adv_err_ub 33.77% | [valid] err 25.20% adv_err 41.46% | [train] err 17.31% adv_err 23.83% loss 0.76394 | [tree] depth 4->4 nodes 4->4 (60.73s)
iter: 45  [test] err 25.32% adv_err_lb 33.77% adv_err_ub 33.77% | [valid] err 25.20% adv_err 41.46% | [train] err 17.31% adv_err 23.83% loss 0.76392 | [tree] depth 4->4 nodes 4->4 (62.13s)
iter: 46  [test] err 25.32% adv_err_lb 33.77% adv_err_ub 33.77% | [valid] err 25.20% adv_err 41.46% | [train] err 17.31% adv_err 23.83% loss 0.76391 | [tree] depth 4->3 nodes 4->3 (63.60s)
iter: 47  [test] err 25.32% adv_err_lb 33.77% adv_err_ub 33.77% | [valid] err 25.20% adv_err 41.46% | [train] err 17.31% adv_err 23.83% loss 0.76390 | [tree] depth 4->2 nodes 8->2 (65.21s)
iter: 48  [test] err 25.32% adv_err_lb 33.77% adv_err_ub 33.77% | [valid] err 25.20% adv_err 41.46% | [train] err 17.31% adv_err 23.83% loss 0.76389 | [tree] depth 4->2 nodes 6->2 (66.72s)
iter: 49  [test] err 25.32% adv_err_lb 33.77% adv_err_ub 33.77% | [valid] err 25.20% adv_err 41.46% | [train] err 17.31% adv_err 23.83% loss 0.76388 | [tree] depth 4->2 nodes 6->2 (68.29s)
iter: 50  [test] err 25.32% adv_err_lb 33.77% adv_err_ub 33.77% | [valid] err 25.20% adv_err 41.46% | [train] err 17.31% adv_err 23.83% loss 0.76388 | [tree] depth 4->2 nodes 8->2 (70.04s)
(done in 1.17 min)
Model path: exps/2019-07-06 19:46:23 dataset=diabetes weak_learner=tree model=robust_bound n_train=-1 n_trials_coord=100 eps=0.050 max_depth=4 lr=1.0.model.npy
Metrics path: exps/2019-07-06 19:46:23 dataset=diabetes weak_learner=tree model=robust_bound n_train=-1 n_trials_coord=100 eps=0.050 max_depth=4 lr=1.0.metrics
