Boosting started: 2019-07-07 10:05:48 dataset=mnist_2_6 weak_learner=tree model=robust_bound n_train=-1 n_trials_coord=100 eps=0.300 min_samples_split=10 min_samples_leaf=5 max_depth=4 lr=1.0
iter: 1  [test] err 8.44% adv_err_lb 15.18% adv_err_ub 15.53% | [valid] err 11.32% adv_err 20.12% | [train] err 11.24% adv_err 19.13% loss 0.63228 | [tree] depth 4->4 nodes 15->15 (41.56s)
iter: 2  [test] err 4.37% adv_err_lb 10.05% adv_err_ub 10.50% | [valid] err 3.96% adv_err 10.19% | [train] err 3.88% adv_err 8.72% loss 0.50499 | [tree] depth 4->4 nodes 15->15 (76.96s)
iter: 3  [test] err 3.47% adv_err_lb 9.25% adv_err_ub 9.40% | [valid] err 3.16% adv_err 9.64% | [train] err 3.03% adv_err 8.16% loss 0.45889 | [tree] depth 4->4 nodes 13->13 (115.34s)
iter: 4  [test] err 3.37% adv_err_lb 8.64% adv_err_ub 8.79% | [valid] err 2.99% adv_err 9.18% | [train] err 2.91% adv_err 7.79% loss 0.42680 | [tree] depth 4->4 nodes 12->12 (155.17s)
iter: 5  [test] err 3.07% adv_err_lb 8.79% adv_err_ub 9.05% | [valid] err 2.57% adv_err 8.92% | [train] err 2.57% adv_err 7.57% loss 0.39380 | [tree] depth 4->4 nodes 15->15 (199.98s)
iter: 6  [test] err 2.41% adv_err_lb 6.88% adv_err_ub 7.24% | [valid] err 1.85% adv_err 8.21% | [train] err 1.94% adv_err 6.48% loss 0.34887 | [tree] depth 4->4 nodes 15->15 (250.72s)
iter: 7  [test] err 2.31% adv_err_lb 6.58% adv_err_ub 7.04% | [valid] err 1.81% adv_err 8.08% | [train] err 1.74% adv_err 6.26% loss 0.33549 | [tree] depth 4->4 nodes 9->9 (298.76s)
iter: 8  [test] err 2.21% adv_err_lb 6.63% adv_err_ub 7.09% | [valid] err 1.52% adv_err 7.41% | [train] err 1.52% adv_err 5.78% loss 0.31121 | [tree] depth 4->4 nodes 13->13 (354.67s)
iter: 9  [test] err 2.16% adv_err_lb 6.48% adv_err_ub 6.83% | [valid] err 1.30% adv_err 6.78% | [train] err 1.42% adv_err 5.52% loss 0.29193 | [tree] depth 4->4 nodes 14->14 (413.88s)
iter: 10  [test] err 2.06% adv_err_lb 6.23% adv_err_ub 7.09% | [valid] err 1.35% adv_err 7.15% | [train] err 1.39% adv_err 5.41% loss 0.28534 | [tree] depth 4->4 nodes 7->7 (473.21s)
iter: 11  [test] err 1.96% adv_err_lb 6.33% adv_err_ub 6.93% | [valid] err 1.43% adv_err 7.03% | [train] err 1.32% adv_err 5.21% loss 0.27977 | [tree] depth 4->4 nodes 5->5 (534.78s)
iter: 12  [test] err 1.66% adv_err_lb 5.73% adv_err_ub 6.58% | [valid] err 1.22% adv_err 6.61% | [train] err 1.01% adv_err 4.92% loss 0.25703 | [tree] depth 4->4 nodes 15->15 (605.74s)
iter: 13  [test] err 1.41% adv_err_lb 5.38% adv_err_ub 6.43% | [valid] err 1.18% adv_err 6.69% | [train] err 0.99% adv_err 4.66% loss 0.24942 | [tree] depth 4->4 nodes 10->10 (677.93s)
iter: 14  [test] err 1.41% adv_err_lb 5.63% adv_err_ub 6.48% | [valid] err 1.22% adv_err 6.73% | [train] err 0.95% adv_err 4.65% loss 0.24613 | [tree] depth 4->4 nodes 6->6 (750.67s)
iter: 15  [test] err 1.31% adv_err_lb 5.53% adv_err_ub 6.53% | [valid] err 1.35% adv_err 6.78% | [train] err 0.83% adv_err 4.71% loss 0.23312 | [tree] depth 4->4 nodes 14->14 (833.60s)
iter: 16  [test] err 1.56% adv_err_lb 5.38% adv_err_ub 6.43% | [valid] err 1.14% adv_err 6.48% | [train] err 0.81% adv_err 4.72% loss 0.22514 | [tree] depth 4->4 nodes 12->12 (922.00s)
iter: 17  [test] err 1.41% adv_err_lb 5.08% adv_err_ub 6.03% | [valid] err 1.09% adv_err 6.36% | [train] err 0.68% adv_err 4.51% loss 0.21646 | [tree] depth 4->4 nodes 7->7 (1008.13s)
iter: 18  [test] err 1.16% adv_err_lb 4.92% adv_err_ub 5.83% | [valid] err 1.18% adv_err 5.93% | [train] err 0.55% adv_err 4.01% loss 0.20011 | [tree] depth 4->4 nodes 14->14 (1101.18s)
iter: 19  [test] err 1.06% adv_err_lb 4.82% adv_err_ub 5.88% | [valid] err 1.30% adv_err 6.06% | [train] err 0.64% adv_err 3.83% loss 0.19362 | [tree] depth 4->4 nodes 11->10 (1192.88s)
iter: 20  [test] err 1.06% adv_err_lb 4.92% adv_err_ub 5.93% | [valid] err 1.30% adv_err 6.19% | [train] err 0.61% adv_err 3.71% loss 0.18584 | [tree] depth 4->4 nodes 12->12 (1293.15s)
iter: 21  [test] err 1.06% adv_err_lb 4.92% adv_err_ub 5.68% | [valid] err 1.09% adv_err 5.93% | [train] err 0.48% adv_err 3.53% loss 0.18133 | [tree] depth 4->4 nodes 8->8 (1391.17s)
iter: 22  [test] err 1.11% adv_err_lb 4.87% adv_err_ub 5.83% | [valid] err 1.18% adv_err 6.27% | [train] err 0.44% adv_err 3.48% loss 0.17519 | [tree] depth 4->4 nodes 13->13 (1495.88s)
iter: 23  [test] err 0.95% adv_err_lb 4.92% adv_err_ub 5.78% | [valid] err 1.22% adv_err 6.23% | [train] err 0.40% adv_err 3.40% loss 0.16342 | [tree] depth 4->4 nodes 14->14 (1606.89s)
iter: 24  [test] err 0.95% adv_err_lb 4.52% adv_err_ub 5.83% | [valid] err 1.09% adv_err 6.27% | [train] err 0.37% adv_err 3.29% loss 0.15476 | [tree] depth 4->4 nodes 15->15 (1720.51s)
iter: 25  [test] err 0.90% adv_err_lb 4.67% adv_err_ub 5.73% | [valid] err 1.01% adv_err 6.23% | [train] err 0.35% adv_err 3.23% loss 0.15270 | [tree] depth 4->4 nodes 8->8 (1836.03s)
iter: 26  [test] err 0.80% adv_err_lb 4.52% adv_err_ub 5.68% | [valid] err 1.05% adv_err 6.23% | [train] err 0.35% adv_err 3.16% loss 0.15074 | [tree] depth 4->4 nodes 6->6 (1953.84s)
iter: 27  [test] err 0.70% adv_err_lb 4.62% adv_err_ub 5.68% | [valid] err 1.09% adv_err 6.19% | [train] err 0.33% adv_err 3.04% loss 0.14663 | [tree] depth 4->4 nodes 8->8 (2079.26s)
iter: 28  [test] err 0.90% adv_err_lb 4.37% adv_err_ub 5.83% | [valid] err 1.05% adv_err 6.40% | [train] err 0.26% adv_err 3.11% loss 0.14172 | [tree] depth 4->4 nodes 14->12 (2213.83s)
iter: 29  [test] err 0.80% adv_err_lb 4.77% adv_err_ub 5.63% | [valid] err 1.09% adv_err 6.52% | [train] err 0.32% adv_err 2.96% loss 0.13612 | [tree] depth 4->4 nodes 12->12 (2346.00s)
iter: 30  [test] err 0.95% adv_err_lb 4.62% adv_err_ub 5.43% | [valid] err 0.93% adv_err 6.44% | [train] err 0.31% adv_err 2.91% loss 0.13011 | [tree] depth 4->4 nodes 11->11 (2485.75s)
iter: 31  [test] err 0.85% adv_err_lb 4.32% adv_err_ub 5.38% | [valid] err 0.97% adv_err 6.27% | [train] err 0.28% adv_err 2.72% loss 0.12834 | [tree] depth 4->4 nodes 11->11 (2628.93s)
iter: 32  [test] err 0.85% adv_err_lb 4.27% adv_err_ub 5.43% | [valid] err 0.97% adv_err 6.23% | [train] err 0.28% adv_err 2.67% loss 0.12665 | [tree] depth 4->4 nodes 10->10 (2771.51s)
iter: 33  [test] err 0.80% adv_err_lb 4.52% adv_err_ub 5.53% | [valid] err 1.05% adv_err 6.14% | [train] err 0.28% adv_err 2.64% loss 0.12523 | [tree] depth 4->4 nodes 11->11 (2921.09s)
iter: 34  [test] err 0.80% adv_err_lb 4.52% adv_err_ub 5.53% | [valid] err 1.05% adv_err 6.19% | [train] err 0.27% adv_err 2.57% loss 0.12342 | [tree] depth 4->4 nodes 8->8 (3074.39s)
iter: 35  [test] err 0.80% adv_err_lb 4.32% adv_err_ub 5.48% | [valid] err 1.05% adv_err 6.27% | [train] err 0.25% adv_err 2.53% loss 0.12039 | [tree] depth 4->4 nodes 14->14 (3231.76s)
iter: 36  [test] err 0.70% adv_err_lb 4.47% adv_err_ub 5.38% | [valid] err 0.93% adv_err 6.10% | [train] err 0.23% adv_err 2.43% loss 0.11302 | [tree] depth 4->4 nodes 15->15 (3394.76s)
iter: 37  [test] err 0.70% adv_err_lb 4.12% adv_err_ub 5.33% | [valid] err 0.80% adv_err 5.93% | [train] err 0.21% adv_err 2.23% loss 0.10088 | [tree] depth 4->4 nodes 15->15 (3561.62s)
iter: 38  [test] err 0.75% adv_err_lb 4.07% adv_err_ub 5.28% | [valid] err 0.80% adv_err 5.85% | [train] err 0.21% adv_err 2.21% loss 0.09692 | [tree] depth 4->4 nodes 12->12 (3726.14s)
iter: 39  [test] err 0.75% adv_err_lb 3.92% adv_err_ub 4.97% | [valid] err 0.80% adv_err 5.89% | [train] err 0.17% adv_err 2.03% loss 0.08879 | [tree] depth 4->4 nodes 15->15 (3901.25s)
iter: 40  [test] err 0.65% adv_err_lb 3.87% adv_err_ub 5.03% | [valid] err 0.72% adv_err 5.60% | [train] err 0.14% adv_err 1.87% loss 0.08166 | [tree] depth 4->4 nodes 15->15 (4080.66s)
iter: 41  [test] err 0.65% adv_err_lb 3.72% adv_err_ub 5.03% | [valid] err 0.72% adv_err 5.56% | [train] err 0.14% adv_err 1.85% loss 0.08078 | [tree] depth 4->4 nodes 9->9 (4259.55s)
iter: 42  [test] err 0.60% adv_err_lb 3.57% adv_err_ub 4.87% | [valid] err 0.72% adv_err 5.51% | [train] err 0.14% adv_err 1.76% loss 0.07980 | [tree] depth 4->4 nodes 9->9 (4440.34s)
iter: 43  [test] err 0.60% adv_err_lb 3.37% adv_err_ub 4.92% | [valid] err 0.72% adv_err 5.56% | [train] err 0.14% adv_err 1.68% loss 0.07493 | [tree] depth 4->4 nodes 15->7 (4628.70s)
iter: 44  [test] err 0.55% adv_err_lb 3.47% adv_err_ub 5.08% | [valid] err 0.67% adv_err 5.47% | [train] err 0.12% adv_err 1.67% loss 0.07158 | [tree] depth 4->4 nodes 13->13 (4820.14s)
iter: 45  [test] err 0.60% adv_err_lb 3.32% adv_err_ub 5.03% | [valid] err 0.63% adv_err 5.43% | [train] err 0.11% adv_err 1.67% loss 0.07036 | [tree] depth 4->4 nodes 8->6 (5007.36s)
iter: 46  [test] err 0.60% adv_err_lb 3.22% adv_err_ub 4.97% | [valid] err 0.59% adv_err 5.64% | [train] err 0.11% adv_err 1.67% loss 0.06790 | [tree] depth 4->4 nodes 15->15 (5218.13s)
iter: 47  [test] err 0.70% adv_err_lb 3.47% adv_err_ub 4.97% | [valid] err 0.55% adv_err 5.26% | [train] err 0.09% adv_err 1.53% loss 0.06522 | [tree] depth 4->4 nodes 15->15 (5426.91s)
iter: 48  [test] err 0.65% adv_err_lb 3.27% adv_err_ub 5.03% | [valid] err 0.67% adv_err 5.51% | [train] err 0.09% adv_err 1.56% loss 0.06309 | [tree] depth 4->4 nodes 12->12 (5629.09s)
iter: 49  [test] err 0.70% adv_err_lb 3.17% adv_err_ub 5.18% | [valid] err 0.72% adv_err 5.47% | [train] err 0.08% adv_err 1.52% loss 0.05992 | [tree] depth 4->4 nodes 15->15 (5836.34s)
iter: 50  [test] err 0.65% adv_err_lb 3.02% adv_err_ub 4.82% | [valid] err 0.72% adv_err 5.43% | [train] err 0.05% adv_err 1.52% loss 0.05711 | [tree] depth 4->4 nodes 9->9 (6046.04s)
(done in 100.77 min)
Model path: exps/2019-07-07 10:05:48 dataset=mnist_2_6 weak_learner=tree model=robust_bound n_train=-1 n_trials_coord=100 eps=0.300 max_depth=4 lr=1.0.model.npy
Metrics path: exps/2019-07-07 10:05:48 dataset=mnist_2_6 weak_learner=tree model=robust_bound n_train=-1 n_trials_coord=100 eps=0.300 max_depth=4 lr=1.0.metrics
